#
# There is insufficient memory for the Java Runtime Environment to continue.
# Native memory allocation (malloc) failed to allocate 1200496 bytes for Chunk::new
# Possible reasons:
#   The system is out of physical RAM or swap space
#   The process is running with CompressedOops enabled, and the Java Heap may be blocking the growth of the native heap
# Possible solutions:
#   Reduce memory load on the system
#   Increase physical memory or swap space
#   Check if swap backing store is full
#   Decrease Java heap size (-Xmx/-Xms)
#   Decrease number of Java threads
#   Decrease Java thread stack sizes (-Xss)
#   Set larger code cache with -XX:ReservedCodeCacheSize=
#   JVM is running with Unscaled Compressed Oops mode in which the Java heap is
#     placed in the first 4GB address space. The Java Heap base address is the
#     maximum limit for the native heap growth. Please use -XX:HeapBaseMinAddress
#     to set the Java Heap base and to place the Java Heap above 4GB virtual address.
# This output file may be truncated or incomplete.
#
#  Out of Memory Error (arena.cpp:184), pid=9324, tid=8464
#
# JRE version: OpenJDK Runtime Environment Corretto-18.0.2.9.1 (18.0.2+9) (build 18.0.2+9-FR)
# Java VM: OpenJDK 64-Bit Server VM Corretto-18.0.2.9.1 (18.0.2+9-FR, mixed mode, sharing, tiered, compressed oops, compressed class ptrs, g1 gc, windows-amd64)
# No core dump will be written. Minidumps are not enabled by default on client versions of Windows
#

---------------  S U M M A R Y ------------

Command Line: -XX:MaxMetaspaceSize=512m --add-opens=java.base/java.util=ALL-UNNAMED --add-opens=java.base/java.lang=ALL-UNNAMED --add-opens=java.base/java.lang.invoke=ALL-UNNAMED --add-opens=java.base/java.util=ALL-UNNAMED --add-opens=java.prefs/java.util.prefs=ALL-UNNAMED --add-opens=java.prefs/java.util.prefs=ALL-UNNAMED --add-opens=java.base/java.nio.charset=ALL-UNNAMED --add-opens=java.base/java.net=ALL-UNNAMED --add-opens=java.base/java.util.concurrent.atomic=ALL-UNNAMED -Xmx2048m -Dfile.encoding=UTF-8 -Duser.country=PL -Duser.language=pl -Duser.variant org.gradle.launcher.daemon.bootstrap.GradleDaemon 7.5.1

Host: Intel(R) Core(TM) i7-5500U CPU @ 2.40GHz, 4 cores, 7G,  Windows 10 , 64 bit Build 19041 (10.0.19041.3636)
Time: Fri Nov 10 16:02:23 2023  Windows 10 , 64 bit Build 19041 (10.0.19041.3636) elapsed time: 692.598847 seconds (0d 0h 11m 32s)

---------------  T H R E A D  ---------------

Current thread (0x00000239433e25f0):  JavaThread "C2 CompilerThread0" daemon [_thread_in_native, id=8464, stack(0x000000d909700000,0x000000d909800000)]


Current CompileTask:
C2: 692599 17201       4       org.gradle.internal.snapshot.impl.DirectorySnapshotterStatistics$CollectingFileVisitor::visitFile (10 bytes)

Stack: [0x000000d909700000,0x000000d909800000]
Native frames: (J=compiled Java code, j=interpreted, Vv=VM code, C=native code)
V  [jvm.dll+0x685a2a]
V  [jvm.dll+0x82ae8d]
V  [jvm.dll+0x82c75e]
V  [jvm.dll+0x82ce03]
V  [jvm.dll+0x25ef4b]
V  [jvm.dll+0xd42d2]
V  [jvm.dll+0xd4665]
V  [jvm.dll+0x385751]
V  [jvm.dll+0x34d82a]
V  [jvm.dll+0x34cc1a]
V  [jvm.dll+0x233a65]
V  [jvm.dll+0x232f37]
V  [jvm.dll+0x1c0a35]
V  [jvm.dll+0x24212c]
V  [jvm.dll+0x240534]
V  [jvm.dll+0x7df6db]
V  [jvm.dll+0x7d9cba]
V  [jvm.dll+0x6848a5]
C  [ucrtbase.dll+0x21bb2]
C  [KERNEL32.DLL+0x17344]
C  [ntdll.dll+0x526b1]


---------------  P R O C E S S  ---------------

Threads class SMR info:
_java_thread_list=0x000002394b242cc0, length=89, elements={
0x0000023923827400, 0x00000239433b22a0, 0x00000239433b4f10, 0x00000239433cf4d0,
0x00000239433d2ff0, 0x00000239433d6550, 0x00000239433d4130, 0x00000239433e25f0,
0x00000239433e0510, 0x00000239434042d0, 0x00000239478e6020, 0x00000239478e74f0,
0x0000023948d646b0, 0x000002394862fd50, 0x00000239483fd610, 0x00000239483fdad0,
0x000002394869eb80, 0x00000239485538a0, 0x0000023947a2dd50, 0x000002394781a780,
0x000002394781b5f0, 0x0000023947818100, 0x000002394781b120, 0x0000023947818aa0,
0x0000023947818f70, 0x0000023947819440, 0x0000023947819910, 0x0000023947819de0,
0x000002394781a2b0, 0x0000023949021d40, 0x0000023949025700, 0x0000023949020ed0,
0x0000023949024d60, 0x0000023949020530, 0x0000023949020a00, 0x0000023949026f10,
0x0000023949023550, 0x0000023949026a40, 0x00000239490226e0, 0x0000023949023a20,
0x0000023949022bb0, 0x00000239490260a0, 0x0000023949026570, 0x0000023949020060,
0x000002394a337b60, 0x000002394a3324c0, 0x000002394a338500, 0x000002394a331650,
0x000002394a3371c0, 0x000002394a3354e0, 0x000002394a3359b0, 0x000002394a332990,
0x000002394a337690, 0x000002394a336350, 0x000002394a331b20, 0x000002394a332e60,
0x000002394a338030, 0x000002394a333330, 0x000002394a3341a0, 0x000002394a333800,
0x000002394a335e80, 0x000002394a331ff0, 0x000002394a336820, 0x000002394a336cf0,
0x000002394a334670, 0x000002394a330cb0, 0x000002394a334b40, 0x000002394a331180,
0x000002394a333cd0, 0x000002394a335010, 0x0000023949cabf20, 0x0000023949ca8a30,
0x0000023949caa240, 0x0000023949ca76f0, 0x0000023949caba50, 0x0000023949caabe0,
0x0000023949ca93d0, 0x0000023949cab580, 0x0000023949ca8f00, 0x0000023949ca7bc0,
0x0000023949ca5ee0, 0x0000023949ca9d70, 0x0000023949ca5070, 0x0000023949ca7220,
0x0000023949ca5540, 0x0000023949ca63b0, 0x0000023949ca6d50, 0x000002394c671190,
0x000002394c66fe50
}

Java Threads: ( => current thread )
  0x0000023923827400 JavaThread "main" [_thread_blocked, id=8540, stack(0x000000d908a00000,0x000000d908b00000)]
  0x00000239433b22a0 JavaThread "Reference Handler" daemon [_thread_blocked, id=10320, stack(0x000000d909100000,0x000000d909200000)]
  0x00000239433b4f10 JavaThread "Finalizer" daemon [_thread_blocked, id=13296, stack(0x000000d909200000,0x000000d909300000)]
  0x00000239433cf4d0 JavaThread "Signal Dispatcher" daemon [_thread_blocked, id=11128, stack(0x000000d909300000,0x000000d909400000)]
  0x00000239433d2ff0 JavaThread "Attach Listener" daemon [_thread_blocked, id=1468, stack(0x000000d909400000,0x000000d909500000)]
  0x00000239433d6550 JavaThread "Service Thread" daemon [_thread_blocked, id=14204, stack(0x000000d909500000,0x000000d909600000)]
  0x00000239433d4130 JavaThread "Monitor Deflation Thread" daemon [_thread_blocked, id=10056, stack(0x000000d909600000,0x000000d909700000)]
=>0x00000239433e25f0 JavaThread "C2 CompilerThread0" daemon [_thread_in_native, id=8464, stack(0x000000d909700000,0x000000d909800000)]
  0x00000239433e0510 JavaThread "C1 CompilerThread0" daemon [_thread_blocked, id=8324, stack(0x000000d909800000,0x000000d909900000)]
  0x00000239434042d0 JavaThread "Sweeper thread" daemon [_thread_blocked, id=8556, stack(0x000000d909900000,0x000000d909a00000)]
  0x00000239478e6020 JavaThread "Common-Cleaner" daemon [_thread_blocked, id=10988, stack(0x000000d909a00000,0x000000d909b00000)]
  0x00000239478e74f0 JavaThread "Notification Thread" daemon [_thread_blocked, id=1204, stack(0x000000d909b00000,0x000000d909c00000)]
  0x0000023948d646b0 JavaThread "Daemon health stats" [_thread_blocked, id=11040, stack(0x000000d90a000000,0x000000d90a100000)]
  0x000002394862fd50 JavaThread "Incoming local TCP Connector on port 36735" [_thread_in_native, id=9340, stack(0x000000d90a100000,0x000000d90a200000)]
  0x00000239483fd610 JavaThread "Daemon periodic checks" [_thread_blocked, id=3480, stack(0x000000d90a200000,0x000000d90a300000)]
  0x00000239483fdad0 JavaThread "Daemon" [_thread_blocked, id=13904, stack(0x000000d90a300000,0x000000d90a400000)]
  0x000002394869eb80 JavaThread "Handler for socket connection from /127.0.0.1:36735 to /127.0.0.1:36737" [_thread_in_native, id=9068, stack(0x000000d90a400000,0x000000d90a500000)]
  0x00000239485538a0 JavaThread "Cancel handler" [_thread_blocked, id=14804, stack(0x000000d90a500000,0x000000d90a600000)]
  0x0000023947a2dd50 JavaThread "Daemon worker" [_thread_blocked, id=9304, stack(0x000000d90a600000,0x000000d90a700000)]
  0x000002394781a780 JavaThread "Asynchronous log dispatcher for DefaultDaemonConnection: socket connection from /127.0.0.1:36735 to /127.0.0.1:36737" [_thread_blocked, id=8292, stack(0x000000d90a700000,0x000000d90a800000)]
  0x000002394781b5f0 JavaThread "Stdin handler" [_thread_blocked, id=14092, stack(0x000000d90a800000,0x000000d90a900000)]
  0x0000023947818100 JavaThread "Daemon client event forwarder" [_thread_blocked, id=5248, stack(0x000000d90a900000,0x000000d90aa00000)]
  0x000002394781b120 JavaThread "Cache worker for journal cache (C:\Users\quinl\.gradle\caches\journal-1)" [_thread_blocked, id=8648, stack(0x000000d90aa00000,0x000000d90ab00000)]
  0x0000023947818aa0 JavaThread "File lock request listener" [_thread_in_native, id=14096, stack(0x000000d90ab00000,0x000000d90ac00000)]
  0x0000023947818f70 JavaThread "Cache worker for file hash cache (C:\Users\quinl\.gradle\caches\7.5.1\fileHashes)" [_thread_blocked, id=11160, stack(0x000000d90ac00000,0x000000d90ad00000)]
  0x0000023947819440 JavaThread "File watcher server" daemon [_thread_in_native, id=13120, stack(0x000000d90ad00000,0x000000d90ae00000)]
  0x0000023947819910 JavaThread "File watcher consumer" daemon [_thread_blocked, id=15608, stack(0x000000d90ae00000,0x000000d90af00000)]
  0x0000023947819de0 JavaThread "Cache worker for checksums cache (D:\Prace\STUDIA\INZYNIERKA\PROJEKT\frontend-rncli\android\.gradle\7.5.1\checksums)" [_thread_blocked, id=9232, stack(0x000000d90af00000,0x000000d90b000000)]
  0x000002394781a2b0 JavaThread "Cache worker for cache directory md-rule (C:\Users\quinl\.gradle\caches\7.5.1\md-rule)" [_thread_blocked, id=4332, stack(0x000000d90b000000,0x000000d90b100000)]
  0x0000023949021d40 JavaThread "Cache worker for file content cache (C:\Users\quinl\.gradle\caches\7.5.1\fileContent)" [_thread_blocked, id=12236, stack(0x000000d90b100000,0x000000d90b200000)]
  0x0000023949025700 JavaThread "Cache worker for file hash cache (D:\Prace\STUDIA\INZYNIERKA\PROJEKT\frontend-rncli\android\.gradle\7.5.1\fileHashes)" [_thread_blocked, id=10548, stack(0x000000d90b200000,0x000000d90b300000)]
  0x0000023949020ed0 JavaThread "Cache worker for cache directory md-supplier (C:\Users\quinl\.gradle\caches\7.5.1\md-supplier)" [_thread_blocked, id=4964, stack(0x000000d90b300000,0x000000d90b400000)]
  0x0000023949024d60 JavaThread "Cache worker for execution history cache (C:\Users\quinl\.gradle\caches\7.5.1\executionHistory)" [_thread_blocked, id=14048, stack(0x000000d90b400000,0x000000d90b500000)]
  0x0000023949020530 JavaThread "jar transforms" [_thread_blocked, id=1812, stack(0x000000d908600000,0x000000d908700000)]
  0x0000023949020a00 JavaThread "jar transforms Thread 2" [_thread_blocked, id=6172, stack(0x000000d90b600000,0x000000d90b700000)]
  0x0000023949026f10 JavaThread "jar transforms Thread 3" [_thread_blocked, id=12296, stack(0x000000d90b500000,0x000000d90b600000)]
  0x0000023949023550 JavaThread "jar transforms Thread 4" [_thread_blocked, id=13048, stack(0x000000d90b900000,0x000000d90ba00000)]
  0x0000023949026a40 JavaThread "Cache worker for kotlin-dsl (C:\Users\quinl\.gradle\caches\7.5.1\kotlin-dsl)" [_thread_blocked, id=12316, stack(0x000000d90ba00000,0x000000d90bb00000)]
  0x00000239490226e0 JavaThread "Cache worker for dependencies-accessors (D:\Prace\STUDIA\INZYNIERKA\PROJEKT\frontend-rncli\android\.gradle\7.5.1\dependencies-accessors)" [_thread_blocked, id=13808, stack(0x000000d90bb00000,0x000000d90bc00000)]
  0x0000023949023a20 JavaThread "Cache worker for Build Output Cleanup Cache (D:\Prace\STUDIA\INZYNIERKA\PROJEKT\frontend-rncli\node_modules\react-native-gradle-plugin\.gradle\buildOutputCleanup)" [_thread_blocked, id=10260, stack(0x000000d90bc00000,0x000000d90bd00000)]
  0x0000023949022bb0 JavaThread "Unconstrained build operations" [_thread_blocked, id=804, stack(0x000000d90bd00000,0x000000d90be00000)]
  0x00000239490260a0 JavaThread "Unconstrained build operations Thread 2" [_thread_blocked, id=15288, stack(0x000000d90bf00000,0x000000d90c000000)]
  0x0000023949026570 JavaThread "Unconstrained build operations Thread 3" [_thread_blocked, id=7784, stack(0x000000d90c000000,0x000000d90c100000)]
  0x0000023949020060 JavaThread "Unconstrained build operations Thread 4" [_thread_blocked, id=8816, stack(0x000000d90c100000,0x000000d90c200000)]
  0x000002394a337b60 JavaThread "Unconstrained build operations Thread 5" [_thread_blocked, id=6924, stack(0x000000d90c200000,0x000000d90c300000)]
  0x000002394a3324c0 JavaThread "Unconstrained build operations Thread 6" [_thread_blocked, id=316, stack(0x000000d90c300000,0x000000d90c400000)]
  0x000002394a338500 JavaThread "Unconstrained build operations Thread 7" [_thread_blocked, id=5660, stack(0x000000d90c400000,0x000000d90c500000)]
  0x000002394a331650 JavaThread "Unconstrained build operations Thread 8" [_thread_blocked, id=14720, stack(0x000000d90c500000,0x000000d90c600000)]
  0x000002394a3371c0 JavaThread "Unconstrained build operations Thread 9" [_thread_blocked, id=11112, stack(0x000000d90c600000,0x000000d90c700000)]
  0x000002394a3354e0 JavaThread "Unconstrained build operations Thread 10" [_thread_blocked, id=10968, stack(0x000000d90c700000,0x000000d90c800000)]
  0x000002394a3359b0 JavaThread "Unconstrained build operations Thread 11" [_thread_blocked, id=2496, stack(0x000000d90c800000,0x000000d90c900000)]
  0x000002394a332990 JavaThread "Unconstrained build operations Thread 12" [_thread_blocked, id=13800, stack(0x000000d90c900000,0x000000d90ca00000)]
  0x000002394a337690 JavaThread "Unconstrained build operations Thread 13" [_thread_blocked, id=15116, stack(0x000000d90ca00000,0x000000d90cb00000)]
  0x000002394a336350 JavaThread "Unconstrained build operations Thread 14" [_thread_blocked, id=3388, stack(0x000000d90cb00000,0x000000d90cc00000)]
  0x000002394a331b20 JavaThread "Unconstrained build operations Thread 15" [_thread_blocked, id=12232, stack(0x000000d90cc00000,0x000000d90cd00000)]
  0x000002394a332e60 JavaThread "Unconstrained build operations Thread 16" [_thread_blocked, id=10172, stack(0x000000d90cd00000,0x000000d90ce00000)]
  0x000002394a338030 JavaThread "Unconstrained build operations Thread 17" [_thread_blocked, id=12200, stack(0x000000d90ce00000,0x000000d90cf00000)]
  0x000002394a333330 JavaThread "Unconstrained build operations Thread 18" [_thread_blocked, id=12356, stack(0x000000d90cf00000,0x000000d90d000000)]
  0x000002394a3341a0 JavaThread "Unconstrained build operations Thread 19" [_thread_blocked, id=11624, stack(0x000000d90d000000,0x000000d90d100000)]
  0x000002394a333800 JavaThread "Unconstrained build operations Thread 20" [_thread_blocked, id=10908, stack(0x000000d90d100000,0x000000d90d200000)]
  0x000002394a335e80 JavaThread "Unconstrained build operations Thread 21" [_thread_blocked, id=11088, stack(0x000000d90d200000,0x000000d90d300000)]
  0x000002394a331ff0 JavaThread "Unconstrained build operations Thread 22" [_thread_blocked, id=1140, stack(0x000000d90d300000,0x000000d90d400000)]
  0x000002394a336820 JavaThread "Unconstrained build operations Thread 23" [_thread_blocked, id=12332, stack(0x000000d90d400000,0x000000d90d500000)]
  0x000002394a336cf0 JavaThread "Unconstrained build operations Thread 24" [_thread_blocked, id=6776, stack(0x000000d90d500000,0x000000d90d600000)]
  0x000002394a334670 JavaThread "Unconstrained build operations Thread 25" [_thread_blocked, id=9968, stack(0x000000d90d600000,0x000000d90d700000)]
  0x000002394a330cb0 JavaThread "Unconstrained build operations Thread 26" [_thread_blocked, id=12192, stack(0x000000d90d700000,0x000000d90d800000)]
  0x000002394a334b40 JavaThread "Unconstrained build operations Thread 27" [_thread_blocked, id=13852, stack(0x000000d90d800000,0x000000d90d900000)]
  0x000002394a331180 JavaThread "Unconstrained build operations Thread 28" [_thread_blocked, id=13612, stack(0x000000d90d900000,0x000000d90da00000)]
  0x000002394a333cd0 JavaThread "Unconstrained build operations Thread 29" [_thread_blocked, id=12644, stack(0x000000d90da00000,0x000000d90db00000)]
  0x000002394a335010 JavaThread "Unconstrained build operations Thread 30" [_thread_blocked, id=15144, stack(0x000000d90db00000,0x000000d90dc00000)]
  0x0000023949cabf20 JavaThread "Unconstrained build operations Thread 31" [_thread_blocked, id=14320, stack(0x000000d90dc00000,0x000000d90dd00000)]
  0x0000023949ca8a30 JavaThread "Unconstrained build operations Thread 32" [_thread_blocked, id=2816, stack(0x000000d90dd00000,0x000000d90de00000)]
  0x0000023949caa240 JavaThread "Unconstrained build operations Thread 33" [_thread_blocked, id=8468, stack(0x000000d90de00000,0x000000d90df00000)]
  0x0000023949ca76f0 JavaThread "build event listener" [_thread_blocked, id=12804, stack(0x000000d90df00000,0x000000d90e000000)]
  0x0000023949caba50 JavaThread "Memory manager" [_thread_blocked, id=11372, stack(0x000000d90e000000,0x000000d90e100000)]
  0x0000023949caabe0 JavaThread "Cache worker for Build Output Cleanup Cache (D:\Prace\STUDIA\INZYNIERKA\PROJEKT\frontend-rncli\android\.gradle\buildOutputCleanup)" [_thread_blocked, id=8692, stack(0x000000d90e100000,0x000000d90e200000)]
  0x0000023949ca93d0 JavaThread "Execution worker" [_thread_blocked, id=15824, stack(0x000000d90e400000,0x000000d90e500000)]
  0x0000023949cab580 JavaThread "Execution worker Thread 2" [_thread_blocked, id=436, stack(0x000000d90e500000,0x000000d90e600000)]
  0x0000023949ca8f00 JavaThread "Execution worker Thread 3" [_thread_blocked, id=768, stack(0x000000d90e600000,0x000000d90e700000)]
  0x0000023949ca7bc0 JavaThread "Cache worker for execution history cache (D:\Prace\STUDIA\INZYNIERKA\PROJEKT\frontend-rncli\node_modules\react-native-gradle-plugin\.gradle\7.5.1\executionHistory)" [_thread_blocked, id=9508, stack(0x000000d90e700000,0x000000d90e800000)]
  0x0000023949ca5ee0 JavaThread "Unconstrained build operations Thread 34" [_thread_in_native, id=9440, stack(0x000000d90e200000,0x000000d90e300000)]
  0x0000023949ca9d70 JavaThread "Unconstrained build operations Thread 35" [_thread_blocked, id=5652, stack(0x000000d90e800000,0x000000d90e900000)]
  0x0000023949ca5070 JavaThread "Unconstrained build operations Thread 36" [_thread_blocked, id=12320, stack(0x000000d90e900000,0x000000d90ea00000)]
  0x0000023949ca7220 JavaThread "Unconstrained build operations Thread 37" [_thread_blocked, id=15044, stack(0x000000d90ea00000,0x000000d90eb00000)]
  0x0000023949ca5540 JavaThread "Unconstrained build operations Thread 38" [_thread_blocked, id=14236, stack(0x000000d90eb00000,0x000000d90ec00000)]
  0x0000023949ca63b0 JavaThread "Unconstrained build operations Thread 39" [_thread_blocked, id=7000, stack(0x000000d90ec00000,0x000000d90ed00000)]
  0x0000023949ca6d50 JavaThread "Unconstrained build operations Thread 40" [_thread_blocked, id=10228, stack(0x000000d90ed00000,0x000000d90ee00000)]
  0x000002394c671190 JavaThread "included builds Thread 2" [_thread_blocked, id=10580, stack(0x000000d90b700000,0x000000d90b800000)]
  0x000002394c66fe50 JavaThread "Cache worker for execution history cache (D:\Prace\STUDIA\INZYNIERKA\PROJEKT\frontend-rncli\android\.gradle\7.5.1\executionHistory)" [_thread_blocked, id=12448, stack(0x000000d90b800000,0x000000d90b900000)]

Other Threads:
  0x00000239433ae160 VMThread "VM Thread" [stack: 0x000000d909000000,0x000000d909100000] [id=12816]
  0x00000239478e99c0 WatcherThread "VM Periodic Task Thread" [stack: 0x000000d909c00000,0x000000d909d00000] [id=8040]
  0x0000023923883530 WorkerThread "GC Thread#0" [stack: 0x000000d908b00000,0x000000d908c00000] [id=12176]
  0x0000023947a34160 WorkerThread "GC Thread#1" [stack: 0x000000d909d00000,0x000000d909e00000] [id=8856]
  0x0000023947ab5f90 WorkerThread "GC Thread#2" [stack: 0x000000d909e00000,0x000000d909f00000] [id=4788]
  0x0000023947a35030 WorkerThread "GC Thread#3" [stack: 0x000000d909f00000,0x000000d90a000000] [id=12084]
  0x0000023923895470 ConcurrentGCThread "G1 Main Marker" [stack: 0x000000d908c00000,0x000000d908d00000] [id=8728]
  0x00000239238969d0 WorkerThread "G1 Conc#0" [stack: 0x000000d908d00000,0x000000d908e00000] [id=6832]
  0x00000239238be700 ConcurrentGCThread "G1 Refine#0" [stack: 0x000000d908e00000,0x000000d908f00000] [id=14692]
  0x0000023943266280 ConcurrentGCThread "G1 Service" [stack: 0x000000d908f00000,0x000000d909000000] [id=240]

Threads with active compile tasks:
C2 CompilerThread0   694206 17201       4       org.gradle.internal.snapshot.impl.DirectorySnapshotterStatistics$CollectingFileVisitor::visitFile (10 bytes)

VM state: not at safepoint (normal execution)

VM Mutex/Monitor currently owned by a thread: None

Heap address: 0x0000000080000000, size: 2048 MB, Compressed Oops mode: 32-bit

CDS archive(s) mapped at: [0x0000000800000000-0x0000000800ba0000-0x0000000800ba0000), size 12189696, SharedBaseAddress: 0x0000000800000000, ArchiveRelocationMode: 0.
Compressed class space mapped at: 0x0000000800c00000-0x000000081a800000, reserved size: 432013312
Narrow klass base: 0x0000000800000000, Narrow klass shift: 0, Narrow klass range: 0x100000000

GC Precious Log:
 CardTable entry size: 512
 Card Set container configuration: InlinePtr #cards 5 size 8 Array Of Cards #cards 12 size 40 Howl #buckets 4 coarsen threshold 1843 Howl Bitmap #cards 512 size 80 coarsen threshold 460 Card regions per heap region 1 cards per card region 2048
 CPUs: 4 total, 4 available
 Memory: 8105M
 Large Page Support: Disabled
 NUMA Support: Disabled
 Compressed Oops: Enabled (32-bit)
 Heap Region Size: 1M
 Heap Min Capacity: 8M
 Heap Initial Capacity: 128M
 Heap Max Capacity: 2G
 Pre-touch: Disabled
 Parallel Workers: 4
 Concurrent Workers: 1
 Concurrent Refinement Workers: 4
 Periodic GC: Disabled

Heap:
 garbage-first heap   total 254976K, used 209671K [0x0000000080000000, 0x0000000100000000)
  region size 1024K, 24 young (24576K), 2 survivors (2048K)
 Metaspace       used 107193K, committed 109440K, reserved 552960K
  class space    used 14518K, committed 15616K, reserved 421888K

Heap Regions: E=young(eden), S=young(survivor), O=old, HS=humongous(starts), HC=humongous(continues), CS=collection set, F=free, OA=open archive, CA=closed archive, TAMS=top-at-mark-start (previous, next)
|   0|0x0000000080000000, 0x0000000080100000, 0x0000000080100000|100%|HS|  |TAMS 0x0000000080100000, 0x0000000080000000| Complete 
|   1|0x0000000080100000, 0x0000000080200000, 0x0000000080200000|100%|HC|  |TAMS 0x0000000080200000, 0x0000000080100000| Complete 
|   2|0x0000000080200000, 0x0000000080300000, 0x0000000080300000|100%|HC|  |TAMS 0x0000000080300000, 0x0000000080200000| Complete 
|   3|0x0000000080300000, 0x0000000080400000, 0x0000000080400000|100%| O|  |TAMS 0x0000000080400000, 0x0000000080300000| Untracked 
|   4|0x0000000080400000, 0x0000000080500000, 0x0000000080500000|100%| O|  |TAMS 0x0000000080500000, 0x0000000080400000| Untracked 
|   5|0x0000000080500000, 0x0000000080600000, 0x0000000080600000|100%| O|  |TAMS 0x0000000080600000, 0x0000000080500000| Untracked 
|   6|0x0000000080600000, 0x0000000080700000, 0x0000000080700000|100%| O|  |TAMS 0x0000000080700000, 0x0000000080600000| Untracked 
|   7|0x0000000080700000, 0x0000000080800000, 0x0000000080800000|100%| O|  |TAMS 0x0000000080800000, 0x0000000080700000| Untracked 
|   8|0x0000000080800000, 0x0000000080900000, 0x0000000080900000|100%| O|  |TAMS 0x0000000080900000, 0x0000000080800000| Untracked 
|   9|0x0000000080900000, 0x0000000080a00000, 0x0000000080a00000|100%| O|  |TAMS 0x0000000080a00000, 0x0000000080900000| Untracked 
|  10|0x0000000080a00000, 0x0000000080b00000, 0x0000000080b00000|100%| O|  |TAMS 0x0000000080b00000, 0x0000000080a00000| Untracked 
|  11|0x0000000080b00000, 0x0000000080c00000, 0x0000000080c00000|100%| O|  |TAMS 0x0000000080c00000, 0x0000000080b00000| Untracked 
|  12|0x0000000080c00000, 0x0000000080d00000, 0x0000000080d00000|100%| O|  |TAMS 0x0000000080d00000, 0x0000000080c00000| Untracked 
|  13|0x0000000080d00000, 0x0000000080e00000, 0x0000000080e00000|100%| O|  |TAMS 0x0000000080e00000, 0x0000000080d00000| Untracked 
|  14|0x0000000080e00000, 0x0000000080f00000, 0x0000000080f00000|100%| O|  |TAMS 0x0000000080f00000, 0x0000000080e00000| Untracked 
|  15|0x0000000080f00000, 0x0000000081000000, 0x0000000081000000|100%| O|  |TAMS 0x0000000081000000, 0x0000000080f00000| Untracked 
|  16|0x0000000081000000, 0x0000000081100000, 0x0000000081100000|100%| O|  |TAMS 0x0000000081100000, 0x0000000081000000| Untracked 
|  17|0x0000000081100000, 0x0000000081200000, 0x0000000081200000|100%| O|  |TAMS 0x0000000081200000, 0x0000000081100000| Untracked 
|  18|0x0000000081200000, 0x00000000812ef000, 0x0000000081300000| 93%| O|  |TAMS 0x00000000812ef000, 0x0000000081200000| Untracked 
|  19|0x0000000081300000, 0x0000000081400000, 0x0000000081400000|100%| O|  |TAMS 0x0000000081400000, 0x0000000081300000| Untracked 
|  20|0x0000000081400000, 0x0000000081500000, 0x0000000081500000|100%| O|  |TAMS 0x0000000081500000, 0x0000000081400000| Untracked 
|  21|0x0000000081500000, 0x0000000081600000, 0x0000000081600000|100%|HS|  |TAMS 0x0000000081600000, 0x0000000081500000| Complete 
|  22|0x0000000081600000, 0x0000000081700000, 0x0000000081700000|100%| O|  |TAMS 0x0000000081700000, 0x0000000081600000| Untracked 
|  23|0x0000000081700000, 0x0000000081800000, 0x0000000081800000|100%| O|  |TAMS 0x0000000081800000, 0x0000000081700000| Untracked 
|  24|0x0000000081800000, 0x0000000081900000, 0x0000000081900000|100%| O|  |TAMS 0x0000000081900000, 0x0000000081800000| Untracked 
|  25|0x0000000081900000, 0x0000000081a00000, 0x0000000081a00000|100%| O|  |TAMS 0x0000000081a00000, 0x0000000081900000| Untracked 
|  26|0x0000000081a00000, 0x0000000081b00000, 0x0000000081b00000|100%| O|  |TAMS 0x0000000081b00000, 0x0000000081a00000| Untracked 
|  27|0x0000000081b00000, 0x0000000081c00000, 0x0000000081c00000|100%| O|  |TAMS 0x0000000081c00000, 0x0000000081b00000| Untracked 
|  28|0x0000000081c00000, 0x0000000081d00000, 0x0000000081d00000|100%| O|  |TAMS 0x0000000081d00000, 0x0000000081c00000| Untracked 
|  29|0x0000000081d00000, 0x0000000081e00000, 0x0000000081e00000|100%| O|  |TAMS 0x0000000081e00000, 0x0000000081d00000| Untracked 
|  30|0x0000000081e00000, 0x0000000081f00000, 0x0000000081f00000|100%| O|  |TAMS 0x0000000081f00000, 0x0000000081e00000| Untracked 
|  31|0x0000000081f00000, 0x0000000082000000, 0x0000000082000000|100%| O|  |TAMS 0x0000000082000000, 0x0000000081f00000| Untracked 
|  32|0x0000000082000000, 0x0000000082100000, 0x0000000082100000|100%| O|  |TAMS 0x0000000082100000, 0x0000000082000000| Untracked 
|  33|0x0000000082100000, 0x0000000082200000, 0x0000000082200000|100%| O|  |TAMS 0x0000000082200000, 0x0000000082100000| Untracked 
|  34|0x0000000082200000, 0x0000000082300000, 0x0000000082300000|100%| O|  |TAMS 0x0000000082300000, 0x0000000082200000| Untracked 
|  35|0x0000000082300000, 0x0000000082400000, 0x0000000082400000|100%| O|  |TAMS 0x0000000082400000, 0x0000000082300000| Untracked 
|  36|0x0000000082400000, 0x0000000082500000, 0x0000000082500000|100%| O|  |TAMS 0x0000000082500000, 0x0000000082400000| Untracked 
|  37|0x0000000082500000, 0x0000000082600000, 0x0000000082600000|100%| O|  |TAMS 0x0000000082600000, 0x0000000082500000| Untracked 
|  38|0x0000000082600000, 0x0000000082700000, 0x0000000082700000|100%| O|  |TAMS 0x0000000082700000, 0x0000000082600000| Untracked 
|  39|0x0000000082700000, 0x0000000082800000, 0x0000000082800000|100%| O|  |TAMS 0x0000000082800000, 0x0000000082700000| Untracked 
|  40|0x0000000082800000, 0x0000000082900000, 0x0000000082900000|100%|HS|  |TAMS 0x0000000082900000, 0x0000000082800000| Complete 
|  41|0x0000000082900000, 0x0000000082a00000, 0x0000000082a00000|100%|HC|  |TAMS 0x0000000082a00000, 0x0000000082900000| Complete 
|  42|0x0000000082a00000, 0x0000000082b00000, 0x0000000082b00000|100%|HC|  |TAMS 0x0000000082b00000, 0x0000000082a00000| Complete 
|  43|0x0000000082b00000, 0x0000000082c00000, 0x0000000082c00000|100%| O|  |TAMS 0x0000000082c00000, 0x0000000082b00000| Untracked 
|  44|0x0000000082c00000, 0x0000000082d00000, 0x0000000082d00000|100%| O|  |TAMS 0x0000000082d00000, 0x0000000082c00000| Untracked 
|  45|0x0000000082d00000, 0x0000000082e00000, 0x0000000082e00000|100%| O|  |TAMS 0x0000000082e00000, 0x0000000082d00000| Untracked 
|  46|0x0000000082e00000, 0x0000000082f00000, 0x0000000082f00000|100%| O|  |TAMS 0x0000000082f00000, 0x0000000082e00000| Untracked 
|  47|0x0000000082f00000, 0x0000000083000000, 0x0000000083000000|100%| O|  |TAMS 0x0000000083000000, 0x0000000082f00000| Untracked 
|  48|0x0000000083000000, 0x0000000083100000, 0x0000000083100000|100%| O|  |TAMS 0x0000000083100000, 0x0000000083000000| Untracked 
|  49|0x0000000083100000, 0x0000000083200000, 0x0000000083200000|100%| O|  |TAMS 0x0000000083200000, 0x0000000083100000| Untracked 
|  50|0x0000000083200000, 0x0000000083300000, 0x0000000083300000|100%| O|  |TAMS 0x0000000083300000, 0x0000000083200000| Untracked 
|  51|0x0000000083300000, 0x0000000083400000, 0x0000000083400000|100%| O|  |TAMS 0x0000000083400000, 0x0000000083300000| Untracked 
|  52|0x0000000083400000, 0x0000000083500000, 0x0000000083500000|100%| O|  |TAMS 0x0000000083500000, 0x0000000083400000| Untracked 
|  53|0x0000000083500000, 0x0000000083600000, 0x0000000083600000|100%| O|  |TAMS 0x0000000083600000, 0x0000000083500000| Untracked 
|  54|0x0000000083600000, 0x0000000083700000, 0x0000000083700000|100%| O|  |TAMS 0x0000000083700000, 0x0000000083600000| Untracked 
|  55|0x0000000083700000, 0x0000000083800000, 0x0000000083800000|100%| O|  |TAMS 0x0000000083800000, 0x0000000083700000| Untracked 
|  56|0x0000000083800000, 0x0000000083900000, 0x0000000083900000|100%| O|  |TAMS 0x0000000083900000, 0x0000000083800000| Untracked 
|  57|0x0000000083900000, 0x0000000083a00000, 0x0000000083a00000|100%|HS|  |TAMS 0x0000000083a00000, 0x0000000083900000| Complete 
|  58|0x0000000083a00000, 0x0000000083b00000, 0x0000000083b00000|100%|HS|  |TAMS 0x0000000083b00000, 0x0000000083a00000| Complete 
|  59|0x0000000083b00000, 0x0000000083c00000, 0x0000000083c00000|100%| O|  |TAMS 0x0000000083c00000, 0x0000000083b00000| Untracked 
|  60|0x0000000083c00000, 0x0000000083d00000, 0x0000000083d00000|100%| O|  |TAMS 0x0000000083d00000, 0x0000000083c00000| Untracked 
|  61|0x0000000083d00000, 0x0000000083e00000, 0x0000000083e00000|100%| O|  |TAMS 0x0000000083e00000, 0x0000000083d00000| Untracked 
|  62|0x0000000083e00000, 0x0000000083f00000, 0x0000000083f00000|100%| O|  |TAMS 0x0000000083f00000, 0x0000000083e00000| Untracked 
|  63|0x0000000083f00000, 0x0000000084000000, 0x0000000084000000|100%| O|  |TAMS 0x0000000084000000, 0x0000000083f00000| Untracked 
|  64|0x0000000084000000, 0x0000000084100000, 0x0000000084100000|100%| O|  |TAMS 0x0000000084100000, 0x0000000084000000| Untracked 
|  65|0x0000000084100000, 0x0000000084200000, 0x0000000084200000|100%| O|  |TAMS 0x0000000084200000, 0x0000000084100000| Untracked 
|  66|0x0000000084200000, 0x0000000084300000, 0x0000000084300000|100%|HS|  |TAMS 0x0000000084300000, 0x0000000084200000| Complete 
|  67|0x0000000084300000, 0x0000000084400000, 0x0000000084400000|100%|HC|  |TAMS 0x0000000084400000, 0x0000000084300000| Complete 
|  68|0x0000000084400000, 0x0000000084500000, 0x0000000084500000|100%| O|  |TAMS 0x0000000084500000, 0x0000000084400000| Untracked 
|  69|0x0000000084500000, 0x0000000084600000, 0x0000000084600000|100%| O|  |TAMS 0x0000000084600000, 0x0000000084500000| Untracked 
|  70|0x0000000084600000, 0x0000000084700000, 0x0000000084700000|100%| O|  |TAMS 0x0000000084700000, 0x0000000084600000| Untracked 
|  71|0x0000000084700000, 0x0000000084800000, 0x0000000084800000|100%| O|  |TAMS 0x0000000084800000, 0x0000000084700000| Untracked 
|  72|0x0000000084800000, 0x0000000084900000, 0x0000000084900000|100%| O|  |TAMS 0x0000000084900000, 0x0000000084800000| Untracked 
|  73|0x0000000084900000, 0x0000000084a00000, 0x0000000084a00000|100%| O|  |TAMS 0x0000000084a00000, 0x0000000084900000| Untracked 
|  74|0x0000000084a00000, 0x0000000084b00000, 0x0000000084b00000|100%| O|  |TAMS 0x0000000084b00000, 0x0000000084a00000| Untracked 
|  75|0x0000000084b00000, 0x0000000084c00000, 0x0000000084c00000|100%| O|  |TAMS 0x0000000084c00000, 0x0000000084b00000| Untracked 
|  76|0x0000000084c00000, 0x0000000084d00000, 0x0000000084d00000|100%| O|  |TAMS 0x0000000084d00000, 0x0000000084c00000| Untracked 
|  77|0x0000000084d00000, 0x0000000084e00000, 0x0000000084e00000|100%| O|  |TAMS 0x0000000084e00000, 0x0000000084d00000| Untracked 
|  78|0x0000000084e00000, 0x0000000084f00000, 0x0000000084f00000|100%| O|  |TAMS 0x0000000084f00000, 0x0000000084e00000| Untracked 
|  79|0x0000000084f00000, 0x0000000085000000, 0x0000000085000000|100%| O|  |TAMS 0x0000000085000000, 0x0000000084f00000| Untracked 
|  80|0x0000000085000000, 0x0000000085100000, 0x0000000085100000|100%| O|  |TAMS 0x0000000085100000, 0x0000000085000000| Untracked 
|  81|0x0000000085100000, 0x0000000085200000, 0x0000000085200000|100%| O|  |TAMS 0x0000000085200000, 0x0000000085100000| Untracked 
|  82|0x0000000085200000, 0x0000000085300000, 0x0000000085300000|100%|HS|  |TAMS 0x0000000085300000, 0x0000000085200000| Complete 
|  83|0x0000000085300000, 0x0000000085400000, 0x0000000085400000|100%|HC|  |TAMS 0x0000000085400000, 0x0000000085300000| Complete 
|  84|0x0000000085400000, 0x0000000085500000, 0x0000000085500000|100%|HS|  |TAMS 0x0000000085500000, 0x0000000085400000| Complete 
|  85|0x0000000085500000, 0x0000000085600000, 0x0000000085600000|100%|HC|  |TAMS 0x0000000085600000, 0x0000000085500000| Complete 
|  86|0x0000000085600000, 0x0000000085700000, 0x0000000085700000|100%|HC|  |TAMS 0x0000000085700000, 0x0000000085600000| Complete 
|  87|0x0000000085700000, 0x0000000085800000, 0x0000000085800000|100%|HC|  |TAMS 0x0000000085800000, 0x0000000085700000| Complete 
|  88|0x0000000085800000, 0x0000000085900000, 0x0000000085900000|100%| O|  |TAMS 0x0000000085900000, 0x0000000085800000| Untracked 
|  89|0x0000000085900000, 0x0000000085a00000, 0x0000000085a00000|100%| O|  |TAMS 0x0000000085a00000, 0x0000000085900000| Untracked 
|  90|0x0000000085a00000, 0x0000000085b00000, 0x0000000085b00000|100%| O|  |TAMS 0x0000000085b00000, 0x0000000085a00000| Untracked 
|  91|0x0000000085b00000, 0x0000000085c00000, 0x0000000085c00000|100%| O|  |TAMS 0x0000000085c00000, 0x0000000085b00000| Untracked 
|  92|0x0000000085c00000, 0x0000000085d00000, 0x0000000085d00000|100%| O|  |TAMS 0x0000000085d00000, 0x0000000085c00000| Untracked 
|  93|0x0000000085d00000, 0x0000000085e00000, 0x0000000085e00000|100%| O|  |TAMS 0x0000000085e00000, 0x0000000085d00000| Untracked 
|  94|0x0000000085e00000, 0x0000000085f00000, 0x0000000085f00000|100%| O|  |TAMS 0x0000000085f00000, 0x0000000085e00000| Untracked 
|  95|0x0000000085f00000, 0x0000000086000000, 0x0000000086000000|100%|HS|  |TAMS 0x0000000086000000, 0x0000000085f00000| Complete 
|  96|0x0000000086000000, 0x0000000086100000, 0x0000000086100000|100%|HS|  |TAMS 0x0000000086100000, 0x0000000086000000| Complete 
|  97|0x0000000086100000, 0x0000000086200000, 0x0000000086200000|100%|HC|  |TAMS 0x0000000086200000, 0x0000000086100000| Complete 
|  98|0x0000000086200000, 0x0000000086300000, 0x0000000086300000|100%| O|  |TAMS 0x0000000086300000, 0x0000000086200000| Untracked 
|  99|0x0000000086300000, 0x0000000086400000, 0x0000000086400000|100%| O|  |TAMS 0x0000000086400000, 0x0000000086300000| Untracked 
| 100|0x0000000086400000, 0x0000000086500000, 0x0000000086500000|100%| O|  |TAMS 0x0000000086500000, 0x0000000086400000| Untracked 
| 101|0x0000000086500000, 0x0000000086600000, 0x0000000086600000|100%| O|  |TAMS 0x0000000086600000, 0x0000000086500000| Untracked 
| 102|0x0000000086600000, 0x0000000086700000, 0x0000000086700000|100%| O|  |TAMS 0x0000000086700000, 0x0000000086600000| Untracked 
| 103|0x0000000086700000, 0x0000000086800000, 0x0000000086800000|100%|HS|  |TAMS 0x0000000086800000, 0x0000000086700000| Complete 
| 104|0x0000000086800000, 0x0000000086900000, 0x0000000086900000|100%| O|  |TAMS 0x0000000086900000, 0x0000000086800000| Untracked 
| 105|0x0000000086900000, 0x0000000086a00000, 0x0000000086a00000|100%| O|  |TAMS 0x0000000086a00000, 0x0000000086900000| Untracked 
| 106|0x0000000086a00000, 0x0000000086b00000, 0x0000000086b00000|100%| O|  |TAMS 0x0000000086b00000, 0x0000000086a00000| Untracked 
| 107|0x0000000086b00000, 0x0000000086c00000, 0x0000000086c00000|100%| O|  |TAMS 0x0000000086c00000, 0x0000000086b00000| Untracked 
| 108|0x0000000086c00000, 0x0000000086d00000, 0x0000000086d00000|100%| O|  |TAMS 0x0000000086d00000, 0x0000000086c00000| Untracked 
| 109|0x0000000086d00000, 0x0000000086e00000, 0x0000000086e00000|100%| O|  |TAMS 0x0000000086e00000, 0x0000000086d00000| Untracked 
| 110|0x0000000086e00000, 0x0000000086f00000, 0x0000000086f00000|100%| O|  |TAMS 0x0000000086f00000, 0x0000000086e00000| Untracked 
| 111|0x0000000086f00000, 0x0000000087000000, 0x0000000087000000|100%| O|  |TAMS 0x0000000087000000, 0x0000000086f00000| Untracked 
| 112|0x0000000087000000, 0x0000000087100000, 0x0000000087100000|100%| O|  |TAMS 0x0000000087100000, 0x0000000087000000| Untracked 
| 113|0x0000000087100000, 0x0000000087200000, 0x0000000087200000|100%| O|  |TAMS 0x0000000087200000, 0x0000000087100000| Untracked 
| 114|0x0000000087200000, 0x0000000087300000, 0x0000000087300000|100%| O|  |TAMS 0x0000000087200000, 0x0000000087200000| Untracked 
| 115|0x0000000087300000, 0x0000000087400000, 0x0000000087400000|100%| O|  |TAMS 0x0000000087400000, 0x0000000087300000| Untracked 
| 116|0x0000000087400000, 0x0000000087500000, 0x0000000087500000|100%| O|  |TAMS 0x0000000087500000, 0x0000000087400000| Untracked 
| 117|0x0000000087500000, 0x0000000087600000, 0x0000000087600000|100%| O|  |TAMS 0x0000000087600000, 0x0000000087500000| Untracked 
| 118|0x0000000087600000, 0x0000000087700000, 0x0000000087700000|100%| O|  |TAMS 0x0000000087700000, 0x0000000087600000| Untracked 
| 119|0x0000000087700000, 0x0000000087800000, 0x0000000087800000|100%|HS|  |TAMS 0x0000000087800000, 0x0000000087700000| Complete 
| 120|0x0000000087800000, 0x0000000087900000, 0x0000000087900000|100%|HS|  |TAMS 0x0000000087900000, 0x0000000087800000| Complete 
| 121|0x0000000087900000, 0x0000000087a00000, 0x0000000087a00000|100%|HC|  |TAMS 0x0000000087a00000, 0x0000000087900000| Complete 
| 122|0x0000000087a00000, 0x0000000087b00000, 0x0000000087b00000|100%|HC|  |TAMS 0x0000000087b00000, 0x0000000087a00000| Complete 
| 123|0x0000000087b00000, 0x0000000087c00000, 0x0000000087c00000|100%| O|  |TAMS 0x0000000087c00000, 0x0000000087b00000| Untracked 
| 124|0x0000000087c00000, 0x0000000087d00000, 0x0000000087d00000|100%| O|  |TAMS 0x0000000087d00000, 0x0000000087c00000| Untracked 
| 125|0x0000000087d00000, 0x0000000087e00000, 0x0000000087e00000|100%| O|  |TAMS 0x0000000087e00000, 0x0000000087d00000| Untracked 
| 126|0x0000000087e00000, 0x0000000087f00000, 0x0000000087f00000|100%| O|  |TAMS 0x0000000087f00000, 0x0000000087e00000| Untracked 
| 127|0x0000000087f00000, 0x0000000088000000, 0x0000000088000000|100%| O|  |TAMS 0x0000000088000000, 0x0000000087f00000| Untracked 
| 128|0x0000000088000000, 0x0000000088100000, 0x0000000088100000|100%| O|  |TAMS 0x0000000088100000, 0x0000000088000000| Untracked 
| 129|0x0000000088100000, 0x0000000088200000, 0x0000000088200000|100%| O|  |TAMS 0x0000000088200000, 0x0000000088100000| Untracked 
| 130|0x0000000088200000, 0x0000000088300000, 0x0000000088300000|100%| O|  |TAMS 0x0000000088300000, 0x0000000088200000| Untracked 
| 131|0x0000000088300000, 0x0000000088400000, 0x0000000088400000|100%|HS|  |TAMS 0x0000000088400000, 0x0000000088300000| Complete 
| 132|0x0000000088400000, 0x0000000088500000, 0x0000000088500000|100%|HC|  |TAMS 0x0000000088500000, 0x0000000088400000| Complete 
| 133|0x0000000088500000, 0x0000000088600000, 0x0000000088600000|100%|HS|  |TAMS 0x0000000088600000, 0x0000000088500000| Complete 
| 134|0x0000000088600000, 0x0000000088700000, 0x0000000088700000|100%|HC|  |TAMS 0x0000000088700000, 0x0000000088600000| Complete 
| 135|0x0000000088700000, 0x0000000088800000, 0x0000000088800000|100%|HC|  |TAMS 0x0000000088800000, 0x0000000088700000| Complete 
| 136|0x0000000088800000, 0x0000000088900000, 0x0000000088900000|100%|HC|  |TAMS 0x0000000088900000, 0x0000000088800000| Complete 
| 137|0x0000000088900000, 0x0000000088a00000, 0x0000000088a00000|100%| O|  |TAMS 0x0000000088a00000, 0x0000000088900000| Untracked 
| 138|0x0000000088a00000, 0x0000000088b00000, 0x0000000088b00000|100%| O|  |TAMS 0x0000000088b00000, 0x0000000088a00000| Untracked 
| 139|0x0000000088b00000, 0x0000000088c00000, 0x0000000088c00000|100%| O|  |TAMS 0x0000000088c00000, 0x0000000088b00000| Untracked 
| 140|0x0000000088c00000, 0x0000000088d00000, 0x0000000088d00000|100%| O|  |TAMS 0x0000000088d00000, 0x0000000088c00000| Untracked 
| 141|0x0000000088d00000, 0x0000000088e00000, 0x0000000088e00000|100%| O|  |TAMS 0x0000000088e00000, 0x0000000088d00000| Untracked 
| 142|0x0000000088e00000, 0x0000000088f00000, 0x0000000088f00000|100%| O|  |TAMS 0x0000000088f00000, 0x0000000088e00000| Untracked 
| 143|0x0000000088f00000, 0x0000000089000000, 0x0000000089000000|100%| O|  |TAMS 0x0000000088f00000, 0x0000000088f00000| Untracked 
| 144|0x0000000089000000, 0x0000000089100000, 0x0000000089100000|100%| O|  |TAMS 0x0000000089000000, 0x0000000089000000| Untracked 
| 145|0x0000000089100000, 0x0000000089200000, 0x0000000089200000|100%| O|  |TAMS 0x0000000089100000, 0x0000000089100000| Untracked 
| 146|0x0000000089200000, 0x0000000089300000, 0x0000000089300000|100%| O|  |TAMS 0x0000000089200000, 0x0000000089200000| Untracked 
| 147|0x0000000089300000, 0x0000000089400000, 0x0000000089400000|100%| O|  |TAMS 0x0000000089300000, 0x0000000089300000| Untracked 
| 148|0x0000000089400000, 0x0000000089500000, 0x0000000089500000|100%| O|  |TAMS 0x0000000089400000, 0x0000000089400000| Untracked 
| 149|0x0000000089500000, 0x0000000089600000, 0x0000000089600000|100%| O|  |TAMS 0x0000000089500000, 0x0000000089500000| Untracked 
| 150|0x0000000089600000, 0x0000000089700000, 0x0000000089700000|100%| O|  |TAMS 0x0000000089600000, 0x0000000089600000| Untracked 
| 151|0x0000000089700000, 0x0000000089800000, 0x0000000089800000|100%| O|  |TAMS 0x0000000089700000, 0x0000000089700000| Untracked 
| 152|0x0000000089800000, 0x0000000089900000, 0x0000000089900000|100%| O|  |TAMS 0x0000000089800000, 0x0000000089800000| Untracked 
| 153|0x0000000089900000, 0x0000000089a00000, 0x0000000089a00000|100%| O|  |TAMS 0x0000000089900000, 0x0000000089900000| Untracked 
| 154|0x0000000089a00000, 0x0000000089b00000, 0x0000000089b00000|100%| O|  |TAMS 0x0000000089a00000, 0x0000000089a00000| Untracked 
| 155|0x0000000089b00000, 0x0000000089c00000, 0x0000000089c00000|100%| O|  |TAMS 0x0000000089b00000, 0x0000000089b00000| Untracked 
| 156|0x0000000089c00000, 0x0000000089d00000, 0x0000000089d00000|100%| O|  |TAMS 0x0000000089c00000, 0x0000000089c00000| Untracked 
| 157|0x0000000089d00000, 0x0000000089e00000, 0x0000000089e00000|100%| O|  |TAMS 0x0000000089d00000, 0x0000000089d00000| Untracked 
| 158|0x0000000089e00000, 0x0000000089f00000, 0x0000000089f00000|100%| O|  |TAMS 0x0000000089e00000, 0x0000000089e00000| Untracked 
| 159|0x0000000089f00000, 0x000000008a000000, 0x000000008a000000|100%| O|  |TAMS 0x0000000089f00000, 0x0000000089f00000| Untracked 
| 160|0x000000008a000000, 0x000000008a100000, 0x000000008a100000|100%| O|  |TAMS 0x000000008a000000, 0x000000008a000000| Untracked 
| 161|0x000000008a100000, 0x000000008a200000, 0x000000008a200000|100%| O|  |TAMS 0x000000008a100000, 0x000000008a100000| Untracked 
| 162|0x000000008a200000, 0x000000008a300000, 0x000000008a300000|100%| O|  |TAMS 0x000000008a200000, 0x000000008a200000| Untracked 
| 163|0x000000008a300000, 0x000000008a400000, 0x000000008a400000|100%| O|  |TAMS 0x000000008a300000, 0x000000008a300000| Untracked 
| 164|0x000000008a400000, 0x000000008a500000, 0x000000008a500000|100%| O|  |TAMS 0x000000008a400000, 0x000000008a400000| Untracked 
| 165|0x000000008a500000, 0x000000008a600000, 0x000000008a600000|100%| O|  |TAMS 0x000000008a500000, 0x000000008a500000| Untracked 
| 166|0x000000008a600000, 0x000000008a700000, 0x000000008a700000|100%| O|  |TAMS 0x000000008a600000, 0x000000008a600000| Untracked 
| 167|0x000000008a700000, 0x000000008a800000, 0x000000008a800000|100%| O|  |TAMS 0x000000008a700000, 0x000000008a700000| Untracked 
| 168|0x000000008a800000, 0x000000008a900000, 0x000000008a900000|100%| O|  |TAMS 0x000000008a800000, 0x000000008a800000| Untracked 
| 169|0x000000008a900000, 0x000000008aa00000, 0x000000008aa00000|100%| O|  |TAMS 0x000000008a900000, 0x000000008a900000| Untracked 
| 170|0x000000008aa00000, 0x000000008ab00000, 0x000000008ab00000|100%| O|  |TAMS 0x000000008aa00000, 0x000000008aa00000| Untracked 
| 171|0x000000008ab00000, 0x000000008ac00000, 0x000000008ac00000|100%| O|  |TAMS 0x000000008ab00000, 0x000000008ab00000| Untracked 
| 172|0x000000008ac00000, 0x000000008ad00000, 0x000000008ad00000|100%| O|  |TAMS 0x000000008ac00000, 0x000000008ac00000| Untracked 
| 173|0x000000008ad00000, 0x000000008ae00000, 0x000000008ae00000|100%| O|  |TAMS 0x000000008ad00000, 0x000000008ad00000| Untracked 
| 174|0x000000008ae00000, 0x000000008af00000, 0x000000008af00000|100%| O|  |TAMS 0x000000008ae00000, 0x000000008ae00000| Untracked 
| 175|0x000000008af00000, 0x000000008b000000, 0x000000008b000000|100%| O|  |TAMS 0x000000008af00000, 0x000000008af00000| Untracked 
| 176|0x000000008b000000, 0x000000008b100000, 0x000000008b100000|100%| O|  |TAMS 0x000000008b000000, 0x000000008b000000| Untracked 
| 177|0x000000008b100000, 0x000000008b200000, 0x000000008b200000|100%| O|  |TAMS 0x000000008b100000, 0x000000008b100000| Untracked 
| 178|0x000000008b200000, 0x000000008b2f2400, 0x000000008b300000| 94%| O|  |TAMS 0x000000008b200000, 0x000000008b200000| Untracked 
| 179|0x000000008b300000, 0x000000008b400000, 0x000000008b400000|100%|HS|  |TAMS 0x000000008b300000, 0x000000008b300000| Complete 
| 180|0x000000008b400000, 0x000000008b500000, 0x000000008b500000|100%|HC|  |TAMS 0x000000008b400000, 0x000000008b400000| Complete 
| 181|0x000000008b500000, 0x000000008b600000, 0x000000008b600000|100%|HS|  |TAMS 0x000000008b500000, 0x000000008b500000| Complete 
| 182|0x000000008b600000, 0x000000008b700000, 0x000000008b700000|100%|HC|  |TAMS 0x000000008b600000, 0x000000008b600000| Complete 
| 183|0x000000008b700000, 0x000000008b700000, 0x000000008b800000|  0%| F|  |TAMS 0x000000008b700000, 0x000000008b700000| Untracked 
| 184|0x000000008b800000, 0x000000008b800000, 0x000000008b900000|  0%| F|  |TAMS 0x000000008b800000, 0x000000008b800000| Untracked 
| 185|0x000000008b900000, 0x000000008b900000, 0x000000008ba00000|  0%| F|  |TAMS 0x000000008b900000, 0x000000008b900000| Untracked 
| 186|0x000000008ba00000, 0x000000008ba00000, 0x000000008bb00000|  0%| F|  |TAMS 0x000000008ba00000, 0x000000008ba00000| Untracked 
| 187|0x000000008bb00000, 0x000000008bb00000, 0x000000008bc00000|  0%| F|  |TAMS 0x000000008bb00000, 0x000000008bb00000| Untracked 
| 188|0x000000008bc00000, 0x000000008bc00000, 0x000000008bd00000|  0%| F|  |TAMS 0x000000008bc00000, 0x000000008bc00000| Untracked 
| 189|0x000000008bd00000, 0x000000008bd00000, 0x000000008be00000|  0%| F|  |TAMS 0x000000008bd00000, 0x000000008bd00000| Untracked 
| 190|0x000000008be00000, 0x000000008be00000, 0x000000008bf00000|  0%| F|  |TAMS 0x000000008be00000, 0x000000008be00000| Untracked 
| 191|0x000000008bf00000, 0x000000008bf00000, 0x000000008c000000|  0%| F|  |TAMS 0x000000008bf00000, 0x000000008bf00000| Untracked 
| 192|0x000000008c000000, 0x000000008c000000, 0x000000008c100000|  0%| F|  |TAMS 0x000000008c000000, 0x000000008c000000| Untracked 
| 193|0x000000008c100000, 0x000000008c100000, 0x000000008c200000|  0%| F|  |TAMS 0x000000008c100000, 0x000000008c100000| Untracked 
| 194|0x000000008c200000, 0x000000008c200000, 0x000000008c300000|  0%| F|  |TAMS 0x000000008c200000, 0x000000008c200000| Untracked 
| 195|0x000000008c300000, 0x000000008c300000, 0x000000008c400000|  0%| F|  |TAMS 0x000000008c300000, 0x000000008c300000| Untracked 
| 196|0x000000008c400000, 0x000000008c400000, 0x000000008c500000|  0%| F|  |TAMS 0x000000008c400000, 0x000000008c400000| Untracked 
| 197|0x000000008c500000, 0x000000008c500000, 0x000000008c600000|  0%| F|  |TAMS 0x000000008c500000, 0x000000008c500000| Untracked 
| 198|0x000000008c600000, 0x000000008c600000, 0x000000008c700000|  0%| F|  |TAMS 0x000000008c600000, 0x000000008c600000| Untracked 
| 199|0x000000008c700000, 0x000000008c700000, 0x000000008c800000|  0%| F|  |TAMS 0x000000008c700000, 0x000000008c700000| Untracked 
| 200|0x000000008c800000, 0x000000008c800000, 0x000000008c900000|  0%| F|  |TAMS 0x000000008c800000, 0x000000008c800000| Untracked 
| 201|0x000000008c900000, 0x000000008c900000, 0x000000008ca00000|  0%| F|  |TAMS 0x000000008c900000, 0x000000008c900000| Untracked 
| 202|0x000000008ca00000, 0x000000008ca00000, 0x000000008cb00000|  0%| F|  |TAMS 0x000000008ca00000, 0x000000008ca00000| Untracked 
| 203|0x000000008cb00000, 0x000000008cb00000, 0x000000008cc00000|  0%| F|  |TAMS 0x000000008cb00000, 0x000000008cb00000| Untracked 
| 204|0x000000008cc00000, 0x000000008cc00000, 0x000000008cd00000|  0%| F|  |TAMS 0x000000008cc00000, 0x000000008cc00000| Untracked 
| 205|0x000000008cd00000, 0x000000008cd00000, 0x000000008ce00000|  0%| F|  |TAMS 0x000000008cd00000, 0x000000008cd00000| Untracked 
| 206|0x000000008ce00000, 0x000000008ce00000, 0x000000008cf00000|  0%| F|  |TAMS 0x000000008ce00000, 0x000000008ce00000| Untracked 
| 207|0x000000008cf00000, 0x000000008cf00000, 0x000000008d000000|  0%| F|  |TAMS 0x000000008cf00000, 0x000000008cf00000| Untracked 
| 208|0x000000008d000000, 0x000000008d000000, 0x000000008d100000|  0%| F|  |TAMS 0x000000008d000000, 0x000000008d000000| Untracked 
| 209|0x000000008d100000, 0x000000008d100000, 0x000000008d200000|  0%| F|  |TAMS 0x000000008d100000, 0x000000008d100000| Untracked 
| 210|0x000000008d200000, 0x000000008d200000, 0x000000008d300000|  0%| F|  |TAMS 0x000000008d200000, 0x000000008d200000| Untracked 
| 211|0x000000008d300000, 0x000000008d300000, 0x000000008d400000|  0%| F|  |TAMS 0x000000008d300000, 0x000000008d300000| Untracked 
| 212|0x000000008d400000, 0x000000008d400000, 0x000000008d500000|  0%| F|  |TAMS 0x000000008d400000, 0x000000008d400000| Untracked 
| 213|0x000000008d500000, 0x000000008d5e0880, 0x000000008d600000| 87%| S|CS|TAMS 0x000000008d500000, 0x000000008d500000| Complete 
| 214|0x000000008d600000, 0x000000008d700000, 0x000000008d700000|100%| S|CS|TAMS 0x000000008d600000, 0x000000008d600000| Complete 
| 215|0x000000008d700000, 0x000000008d700000, 0x000000008d800000|  0%| F|  |TAMS 0x000000008d700000, 0x000000008d700000| Untracked 
| 216|0x000000008d800000, 0x000000008d800000, 0x000000008d900000|  0%| F|  |TAMS 0x000000008d800000, 0x000000008d800000| Untracked 
| 217|0x000000008d900000, 0x000000008d900000, 0x000000008da00000|  0%| F|  |TAMS 0x000000008d900000, 0x000000008d900000| Untracked 
| 218|0x000000008da00000, 0x000000008da00000, 0x000000008db00000|  0%| F|  |TAMS 0x000000008da00000, 0x000000008da00000| Untracked 
| 219|0x000000008db00000, 0x000000008db00000, 0x000000008dc00000|  0%| F|  |TAMS 0x000000008db00000, 0x000000008db00000| Untracked 
| 220|0x000000008dc00000, 0x000000008dc00000, 0x000000008dd00000|  0%| F|  |TAMS 0x000000008dc00000, 0x000000008dc00000| Untracked 
| 221|0x000000008dd00000, 0x000000008dd00000, 0x000000008de00000|  0%| F|  |TAMS 0x000000008dd00000, 0x000000008dd00000| Untracked 
| 222|0x000000008de00000, 0x000000008de00000, 0x000000008df00000|  0%| F|  |TAMS 0x000000008de00000, 0x000000008de00000| Untracked 
| 223|0x000000008df00000, 0x000000008df00000, 0x000000008e000000|  0%| F|  |TAMS 0x000000008df00000, 0x000000008df00000| Untracked 
| 224|0x000000008e000000, 0x000000008e000000, 0x000000008e100000|  0%| F|  |TAMS 0x000000008e000000, 0x000000008e000000| Untracked 
| 225|0x000000008e100000, 0x000000008e100000, 0x000000008e200000|  0%| F|  |TAMS 0x000000008e100000, 0x000000008e100000| Untracked 
| 226|0x000000008e200000, 0x000000008e200000, 0x000000008e300000|  0%| F|  |TAMS 0x000000008e200000, 0x000000008e200000| Untracked 
| 227|0x000000008e300000, 0x000000008e393548, 0x000000008e400000| 57%| E|  |TAMS 0x000000008e300000, 0x000000008e300000| Complete 
| 228|0x000000008e400000, 0x000000008e500000, 0x000000008e500000|100%| E|CS|TAMS 0x000000008e400000, 0x000000008e400000| Complete 
| 229|0x000000008e500000, 0x000000008e600000, 0x000000008e600000|100%| E|CS|TAMS 0x000000008e500000, 0x000000008e500000| Complete 
| 230|0x000000008e600000, 0x000000008e700000, 0x000000008e700000|100%| E|CS|TAMS 0x000000008e600000, 0x000000008e600000| Complete 
| 231|0x000000008e700000, 0x000000008e800000, 0x000000008e800000|100%| E|CS|TAMS 0x000000008e700000, 0x000000008e700000| Complete 
| 232|0x000000008e800000, 0x000000008e900000, 0x000000008e900000|100%| E|CS|TAMS 0x000000008e800000, 0x000000008e800000| Complete 
| 233|0x000000008e900000, 0x000000008ea00000, 0x000000008ea00000|100%| E|CS|TAMS 0x000000008e900000, 0x000000008e900000| Complete 
| 234|0x000000008ea00000, 0x000000008eb00000, 0x000000008eb00000|100%| E|CS|TAMS 0x000000008ea00000, 0x000000008ea00000| Complete 
| 235|0x000000008eb00000, 0x000000008ebffff0, 0x000000008ec00000| 99%| E|  |TAMS 0x000000008eb00000, 0x000000008eb00000| Complete 
| 236|0x000000008ec00000, 0x000000008ed00000, 0x000000008ed00000|100%| E|CS|TAMS 0x000000008ec00000, 0x000000008ec00000| Complete 
| 237|0x000000008ed00000, 0x000000008ee00000, 0x000000008ee00000|100%| E|CS|TAMS 0x000000008ed00000, 0x000000008ed00000| Complete 
| 238|0x000000008ee00000, 0x000000008ef00000, 0x000000008ef00000|100%| E|CS|TAMS 0x000000008ee00000, 0x000000008ee00000| Complete 
| 239|0x000000008ef00000, 0x000000008f000000, 0x000000008f000000|100%| E|CS|TAMS 0x000000008ef00000, 0x000000008ef00000| Complete 
| 240|0x000000008f000000, 0x000000008f100000, 0x000000008f100000|100%| E|CS|TAMS 0x000000008f000000, 0x000000008f000000| Complete 
| 241|0x000000008f100000, 0x000000008f200000, 0x000000008f200000|100%| E|CS|TAMS 0x000000008f100000, 0x000000008f100000| Complete 
| 242|0x000000008f200000, 0x000000008f300000, 0x000000008f300000|100%| E|CS|TAMS 0x000000008f200000, 0x000000008f200000| Complete 
| 243|0x000000008f300000, 0x000000008f400000, 0x000000008f400000|100%| E|CS|TAMS 0x000000008f300000, 0x000000008f300000| Complete 
| 244|0x000000008f400000, 0x000000008f500000, 0x000000008f500000|100%| E|CS|TAMS 0x000000008f400000, 0x000000008f400000| Complete 
| 245|0x000000008f500000, 0x000000008f600000, 0x000000008f600000|100%| E|CS|TAMS 0x000000008f500000, 0x000000008f500000| Complete 
| 246|0x000000008f600000, 0x000000008f700000, 0x000000008f700000|100%| E|CS|TAMS 0x000000008f600000, 0x000000008f600000| Complete 
| 247|0x000000008f700000, 0x000000008f800000, 0x000000008f800000|100%| E|CS|TAMS 0x000000008f700000, 0x000000008f700000| Complete 
| 248|0x000000008f800000, 0x000000008f900000, 0x000000008f900000|100%| E|CS|TAMS 0x000000008f800000, 0x000000008f800000| Complete 

Card table byte_map: [0x000002393c5c0000,0x000002393c9c0000] _byte_map_base: 0x000002393c1c0000

Marking Bits (Prev, Next): (CMBitMap*) 0x0000023923884b40, (CMBitMap*) 0x0000023923884b80
 Prev Bits: [0x000002393cdc0000, 0x000002393edc0000)
 Next Bits: [0x000002393edc0000, 0x0000023940dc0000)

Polling page: 0x00000239238c0000

Metaspace:

Usage:
  Non-class:     90.50 MB used.
      Class:     14.18 MB used.
       Both:    104.68 MB used.

Virtual space:
  Non-class space:      128.00 MB reserved,      91.63 MB ( 72%) committed,  2 nodes.
      Class space:      412.00 MB reserved,      15.25 MB (  4%) committed,  1 nodes.
             Both:      540.00 MB reserved,     106.88 MB ( 20%) committed. 

Chunk freelists:
   Non-Class:  112.00 KB
       Class:  778.00 KB
        Both:  890.00 KB

MaxMetaspaceSize: 512.00 MB
CompressedClassSpaceSize: 412.00 MB
Initial GC threshold: 21.00 MB
Current GC threshold: 161.81 MB
CDS: on
MetaspaceReclaimPolicy: balanced
 - commit_granule_bytes: 65536.
 - commit_granule_words: 8192.
 - virtual_space_node_default_size: 8388608.
 - enlarge_chunks_in_place: 1.
 - new_chunks_are_fully_committed: 0.
 - uncommit_free_chunks: 1.
 - use_allocation_guard: 0.


Internal statistics:

num_allocs_failed_limit: 12.
num_arena_births: 3718.
num_arena_deaths: 0.
num_vsnodes_births: 3.
num_vsnodes_deaths: 0.
num_space_committed: 1710.
num_space_uncommitted: 0.
num_chunks_returned_to_freelist: 12.
num_chunks_taken_from_freelist: 8508.
num_chunk_merges: 12.
num_chunk_splits: 5583.
num_chunks_enlarged: 3628.
num_inconsistent_stats: 0.

CodeHeap 'non-profiled nmethods': size=120000Kb used=8962Kb max_used=8962Kb free=111037Kb
 bounds [0x0000023934670000, 0x0000023934f40000, 0x000002393bba0000]
CodeHeap 'profiled nmethods': size=120000Kb used=29127Kb max_used=29127Kb free=90872Kb
 bounds [0x000002392d140000, 0x000002392edc0000, 0x0000023934670000]
CodeHeap 'non-nmethods': size=5760Kb used=2475Kb max_used=2527Kb free=3285Kb
 bounds [0x000002392cba0000, 0x000002392ce40000, 0x000002392d140000]
 total_blobs=15867 nmethods=14862 adapters=916
 compilation: enabled
              stopped_count=0, restarted_count=0
 full_count=0

Compilation events (20 events):
Event: 690.866 Thread 0x00000239433e0510 nmethod 17191 0x000002392edac910 code [0x000002392edacae0, 0x000002392edacfe8]
Event: 690.894 Thread 0x00000239433e25f0 17192       4       jdk.internal.misc.Unsafe::copyMemory (33 bytes)
Event: 690.895 Thread 0x00000239433e0510 17193       3       org.gradle.internal.execution.steps.AssignWorkspaceStep::execute (36 bytes)
Event: 690.896 Thread 0x00000239433e0510 nmethod 17193 0x000002392edad190 code [0x000002392edad3e0, 0x000002392edade28]
Event: 690.896 Thread 0x00000239433e0510 17194       3       org.gradle.internal.execution.steps.SkipEmptyWorkStep::fingerprintPrimaryInputs (68 bytes)
Event: 690.897 Thread 0x00000239433e25f0 nmethod 17192 0x0000023934f2fe10 code [0x0000023934f2ffa0, 0x0000023934f30298]
Event: 690.898 Thread 0x00000239433e0510 nmethod 17194 0x000002392edae190 code [0x000002392edae540, 0x000002392edb0358]
Event: 690.898 Thread 0x00000239433e0510 17195       3       org.gradle.internal.execution.steps.SkipEmptyWorkStep$$Lambda$573/0x000000080125b448::<init> (15 bytes)
Event: 690.899 Thread 0x00000239433e0510 nmethod 17195 0x000002392edb0c90 code [0x000002392edb0e40, 0x000002392edb1058]
Event: 690.899 Thread 0x00000239433e0510 17196       3       org.gradle.internal.execution.steps.SkipEmptyWorkStep$$Lambda$573/0x000000080125b448::accept (16 bytes)
Event: 690.899 Thread 0x00000239433e0510 nmethod 17196 0x000002392edb1110 code [0x000002392edb12c0, 0x000002392edb1528]
Event: 690.899 Thread 0x00000239433e0510 17197       3       org.gradle.internal.execution.steps.SkipEmptyWorkStep::lambda$fingerprintPrimaryInputs$2 (16 bytes)
Event: 690.899 Thread 0x00000239433e0510 nmethod 17197 0x000002392edb1610 code [0x000002392edb17c0, 0x000002392edb1b88]
Event: 690.899 Thread 0x00000239433e0510 17198       3       org.gradle.internal.execution.steps.SkipEmptyWorkStep$1::<init> (15 bytes)
Event: 690.899 Thread 0x00000239433e0510 nmethod 17198 0x000002392edb1d10 code [0x000002392edb1ec0, 0x000002392edb20d8]
Event: 690.899 Thread 0x00000239433e0510 17199   !   3       jdk.proxy1.$Proxy48::onExecute (38 bytes)
Event: 690.900 Thread 0x00000239433e0510 nmethod 17199 0x000002392edb2190 code [0x000002392edb2380, 0x000002392edb2a38]
Event: 691.676 Thread 0x00000239433e25f0 17200       4       sun.nio.fs.WindowsFileAttributes::isRegularFile (27 bytes)
Event: 691.677 Thread 0x00000239433e25f0 nmethod 17200 0x0000023934f30590 code [0x0000023934f30700, 0x0000023934f307b8]
Event: 691.677 Thread 0x00000239433e25f0 17201       4       org.gradle.internal.snapshot.impl.DirectorySnapshotterStatistics$CollectingFileVisitor::visitFile (10 bytes)

GC Heap History (20 events):
Event: 263.378 GC heap before
{Heap before GC invocations=69 (full 0):
 garbage-first heap   total 254976K, used 160872K [0x0000000080000000, 0x0000000100000000)
  region size 1024K, 12 young (12288K), 1 survivors (1024K)
 Metaspace       used 97907K, committed 100032K, reserved 552960K
  class space    used 13371K, committed 14464K, reserved 421888K
}
Event: 263.384 GC heap after
{Heap after GC invocations=70 (full 0):
 garbage-first heap   total 254976K, used 150572K [0x0000000080000000, 0x0000000100000000)
  region size 1024K, 2 young (2048K), 2 survivors (2048K)
 Metaspace       used 97907K, committed 100032K, reserved 552960K
  class space    used 13371K, committed 14464K, reserved 421888K
}
Event: 270.824 GC heap before
{Heap before GC invocations=70 (full 0):
 garbage-first heap   total 254976K, used 160812K [0x0000000080000000, 0x0000000100000000)
  region size 1024K, 12 young (12288K), 2 survivors (2048K)
 Metaspace       used 99326K, committed 101568K, reserved 552960K
  class space    used 13588K, committed 14720K, reserved 421888K
}
Event: 270.831 GC heap after
{Heap after GC invocations=71 (full 0):
 garbage-first heap   total 254976K, used 150386K [0x0000000080000000, 0x0000000100000000)
  region size 1024K, 2 young (2048K), 2 survivors (2048K)
 Metaspace       used 99326K, committed 101568K, reserved 552960K
  class space    used 13588K, committed 14720K, reserved 421888K
}
Event: 279.412 GC heap before
{Heap before GC invocations=71 (full 0):
 garbage-first heap   total 254976K, used 200562K [0x0000000080000000, 0x0000000100000000)
  region size 1024K, 52 young (53248K), 2 survivors (2048K)
 Metaspace       used 103355K, committed 105600K, reserved 552960K
  class space    used 14104K, committed 15232K, reserved 421888K
}
Event: 279.431 GC heap after
{Heap after GC invocations=72 (full 0):
 garbage-first heap   total 254976K, used 156576K [0x0000000080000000, 0x0000000100000000)
  region size 1024K, 7 young (7168K), 7 survivors (7168K)
 Metaspace       used 103355K, committed 105600K, reserved 552960K
  class space    used 14104K, committed 15232K, reserved 421888K
}
Event: 322.135 GC heap before
{Heap before GC invocations=72 (full 0):
 garbage-first heap   total 254976K, used 205728K [0x0000000080000000, 0x0000000100000000)
  region size 1024K, 55 young (56320K), 7 survivors (7168K)
 Metaspace       used 103995K, committed 106240K, reserved 552960K
  class space    used 14168K, committed 15296K, reserved 421888K
}
Event: 322.159 GC heap after
{Heap after GC invocations=73 (full 0):
 garbage-first heap   total 254976K, used 163611K [0x0000000080000000, 0x0000000100000000)
  region size 1024K, 7 young (7168K), 7 survivors (7168K)
 Metaspace       used 103995K, committed 106240K, reserved 552960K
  class space    used 14168K, committed 15296K, reserved 421888K
}
Event: 326.499 GC heap before
{Heap before GC invocations=73 (full 0):
 garbage-first heap   total 254976K, used 208667K [0x0000000080000000, 0x0000000100000000)
  region size 1024K, 51 young (52224K), 7 survivors (7168K)
 Metaspace       used 104306K, committed 106496K, reserved 552960K
  class space    used 14195K, committed 15296K, reserved 421888K
}
Event: 326.518 GC heap after
{Heap after GC invocations=74 (full 0):
 garbage-first heap   total 254976K, used 169286K [0x0000000080000000, 0x0000000100000000)
  region size 1024K, 6 young (6144K), 6 survivors (6144K)
 Metaspace       used 104306K, committed 106496K, reserved 552960K
  class space    used 14195K, committed 15296K, reserved 421888K
}
Event: 334.185 GC heap before
{Heap before GC invocations=74 (full 0):
 garbage-first heap   total 254976K, used 211270K [0x0000000080000000, 0x0000000100000000)
  region size 1024K, 47 young (48128K), 6 survivors (6144K)
 Metaspace       used 105806K, committed 108032K, reserved 552960K
  class space    used 14375K, committed 15488K, reserved 421888K
}
Event: 334.202 GC heap after
{Heap after GC invocations=75 (full 0):
 garbage-first heap   total 254976K, used 173604K [0x0000000080000000, 0x0000000100000000)
  region size 1024K, 5 young (5120K), 5 survivors (5120K)
 Metaspace       used 105806K, committed 108032K, reserved 552960K
  class space    used 14375K, committed 15488K, reserved 421888K
}
Event: 342.406 GC heap before
{Heap before GC invocations=75 (full 0):
 garbage-first heap   total 254976K, used 213540K [0x0000000080000000, 0x0000000100000000)
  region size 1024K, 44 young (45056K), 5 survivors (5120K)
 Metaspace       used 106382K, committed 108608K, reserved 552960K
  class space    used 14444K, committed 15552K, reserved 421888K
}
Event: 342.441 GC heap after
{Heap after GC invocations=76 (full 0):
 garbage-first heap   total 254976K, used 177565K [0x0000000080000000, 0x0000000100000000)
  region size 1024K, 4 young (4096K), 4 survivors (4096K)
 Metaspace       used 106382K, committed 108608K, reserved 552960K
  class space    used 14444K, committed 15552K, reserved 421888K
}
Event: 452.889 GC heap before
{Heap before GC invocations=76 (full 0):
 garbage-first heap   total 254976K, used 214429K [0x0000000080000000, 0x0000000100000000)
  region size 1024K, 41 young (41984K), 4 survivors (4096K)
 Metaspace       used 106864K, committed 109120K, reserved 552960K
  class space    used 14498K, committed 15616K, reserved 421888K
}
Event: 452.960 GC heap after
{Heap after GC invocations=77 (full 0):
 garbage-first heap   total 254976K, used 179570K [0x0000000080000000, 0x0000000100000000)
  region size 1024K, 3 young (3072K), 3 survivors (3072K)
 Metaspace       used 106864K, committed 109120K, reserved 552960K
  class space    used 14498K, committed 15616K, reserved 421888K
}
Event: 615.876 GC heap before
{Heap before GC invocations=77 (full 0):
 garbage-first heap   total 254976K, used 215410K [0x0000000080000000, 0x0000000100000000)
  region size 1024K, 39 young (39936K), 3 survivors (3072K)
 Metaspace       used 107166K, committed 109376K, reserved 552960K
  class space    used 14518K, committed 15616K, reserved 421888K
}
Event: 616.131 GC heap after
{Heap after GC invocations=78 (full 0):
 garbage-first heap   total 254976K, used 183063K [0x0000000080000000, 0x0000000100000000)
  region size 1024K, 5 young (5120K), 5 survivors (5120K)
 Metaspace       used 107166K, committed 109376K, reserved 552960K
  class space    used 14518K, committed 15616K, reserved 421888K
}
Event: 683.040 GC heap before
{Heap before GC invocations=78 (full 0):
 garbage-first heap   total 254976K, used 217879K [0x0000000080000000, 0x0000000100000000)
  region size 1024K, 39 young (39936K), 5 survivors (5120K)
 Metaspace       used 107177K, committed 109440K, reserved 552960K
  class space    used 14518K, committed 15616K, reserved 421888K
}
Event: 683.126 GC heap after
{Heap after GC invocations=79 (full 0):
 garbage-first heap   total 254976K, used 185095K [0x0000000080000000, 0x0000000100000000)
  region size 1024K, 2 young (2048K), 2 survivors (2048K)
 Metaspace       used 107177K, committed 109440K, reserved 552960K
  class space    used 14518K, committed 15616K, reserved 421888K
}

Deoptimization events (20 events):
Event: 667.880 Thread 0x0000023948d646b0 Uncommon trap: trap_request=0xffffffd6 fr.pc=0x0000023934f1da1c relative=0x000000000000067c
Event: 667.880 Thread 0x0000023948d646b0 Uncommon trap: reason=array_check action=maybe_recompile pc=0x0000023934f1da1c method=java.util.ComparableTimSort.reverseRange([Ljava/lang/Object;II)V @ 20 c2
Event: 667.880 Thread 0x0000023948d646b0 DEOPT PACKING pc=0x0000023934f1da1c sp=0x000000d90a0fea80
Event: 667.880 Thread 0x0000023948d646b0 DEOPT UNPACKING pc=0x000002392cbf23a3 sp=0x000000d90a0fea30 mode 2
Event: 683.881 Thread 0x0000023948d646b0 Uncommon trap: trap_request=0xffffffd6 fr.pc=0x0000023934f241cc relative=0x00000000000008ac
Event: 683.881 Thread 0x0000023948d646b0 Uncommon trap: reason=array_check action=maybe_recompile pc=0x0000023934f241cc method=java.util.ComparableTimSort.reverseRange([Ljava/lang/Object;II)V @ 27 c2
Event: 683.881 Thread 0x0000023948d646b0 DEOPT PACKING pc=0x0000023934f241cc sp=0x000000d90a0fea70
Event: 683.881 Thread 0x0000023948d646b0 DEOPT UNPACKING pc=0x000002392cbf23a3 sp=0x000000d90a0fea30 mode 2
Event: 683.881 Thread 0x0000023948d646b0 Uncommon trap: trap_request=0xffffffd6 fr.pc=0x0000023934f241cc relative=0x00000000000008ac
Event: 683.881 Thread 0x0000023948d646b0 Uncommon trap: reason=array_check action=maybe_recompile pc=0x0000023934f241cc method=java.util.ComparableTimSort.reverseRange([Ljava/lang/Object;II)V @ 27 c2
Event: 683.881 Thread 0x0000023948d646b0 DEOPT PACKING pc=0x0000023934f241cc sp=0x000000d90a0fea70
Event: 683.881 Thread 0x0000023948d646b0 DEOPT UNPACKING pc=0x000002392cbf23a3 sp=0x000000d90a0fea30 mode 2
Event: 689.464 Thread 0x0000023949024d60 Uncommon trap: trap_request=0xffffff45 fr.pc=0x0000023934a756fc relative=0x000000000000349c
Event: 689.464 Thread 0x0000023949024d60 Uncommon trap: reason=unstable_if action=reinterpret pc=0x0000023934a756fc method=org.gradle.internal.io.StreamByteBuffer.allocateSpace()I @ 9 c2
Event: 689.464 Thread 0x0000023949024d60 DEOPT PACKING pc=0x0000023934a756fc sp=0x000000d90b4fec10
Event: 689.464 Thread 0x0000023949024d60 DEOPT UNPACKING pc=0x000002392cbf23a3 sp=0x000000d90b4fe8b8 mode 2
Event: 689.529 Thread 0x0000023949024d60 Uncommon trap: trap_request=0xffffff45 fr.pc=0x0000023934ef3518 relative=0x00000000000004f8
Event: 689.529 Thread 0x0000023949024d60 Uncommon trap: reason=unstable_if action=reinterpret pc=0x0000023934ef3518 method=org.gradle.internal.io.StreamByteBuffer.prepareRead()I @ 30 c2
Event: 689.529 Thread 0x0000023949024d60 DEOPT PACKING pc=0x0000023934ef3518 sp=0x000000d90b4fea50
Event: 689.529 Thread 0x0000023949024d60 DEOPT UNPACKING pc=0x000002392cbf23a3 sp=0x000000d90b4fe918 mode 2

Classes loaded (20 events):
Event: 459.489 Loading class java/io/ClassCache$CacheRef
Event: 459.490 Loading class java/io/ClassCache$CacheRef done
Event: 459.490 Loading class java/io/ObjectStreamClass$FieldReflectorKey
Event: 459.519 Loading class java/io/ObjectStreamClass$FieldReflectorKey done
Event: 459.519 Loading class java/io/ObjectStreamClass$FieldReflector
Event: 459.522 Loading class java/io/ObjectStreamClass$FieldReflector done
Event: 459.522 Loading class java/io/ObjectStreamClass$1
Event: 459.523 Loading class java/io/ObjectStreamClass$1 done
Event: 459.523 Loading class java/io/ObjectStreamClass$MemberSignature
Event: 459.523 Loading class java/io/ObjectStreamClass$MemberSignature done
Event: 459.523 Loading class java/io/ObjectStreamClass$3
Event: 459.523 Loading class java/io/ObjectStreamClass$3 done
Event: 459.524 Loading class java/io/ObjectStreamClass$4
Event: 459.524 Loading class java/io/ObjectStreamClass$4 done
Event: 459.524 Loading class java/io/ObjectStreamClass$5
Event: 459.524 Loading class java/io/ObjectStreamClass$5 done
Event: 459.524 Loading class java/io/ObjectStreamClass$ClassDataSlot
Event: 459.524 Loading class java/io/ObjectStreamClass$ClassDataSlot done
Event: 459.579 Loading class jdk/internal/reflect/MethodHandleLongFieldAccessorImpl
Event: 459.615 Loading class jdk/internal/reflect/MethodHandleLongFieldAccessorImpl done

Classes unloaded (0 events):
No events

Classes redefined (0 events):
No events

Internal exceptions (20 events):
Event: 290.044 Thread 0x0000023947a2dd50 Exception <a 'java/lang/NoSuchMethodError'{0x000000008e31cda0}: 'void java.lang.invoke.DirectMethodHandle$Holder.invokeInterface(java.lang.Object, java.lang.Object, java.lang.Object, java.lang.Object, java.lang.Object, java.lang.Object)'> (0x000000008e31cda0) 
thrown [s\src\hotspot\share\interpreter\linkResolver.cpp, line 759]
Event: 290.045 Thread 0x0000023947a2dd50 Exception <a 'java/lang/NoSuchMethodError'{0x000000008e321d38}: 'void java.lang.invoke.DelegatingMethodHandle$Holder.reinvoke_L(java.lang.Object, java.lang.Object, java.lang.Object, java.lang.Object, java.lang.Object, java.lang.Object)'> (0x000000008e321d38) 
thrown [s\src\hotspot\share\interpreter\linkResolver.cpp, line 759]
Event: 324.449 Thread 0x0000023947a2dd50 Exception <a 'sun/nio/fs/WindowsException'{0x000000008f89adb8}> (0x000000008f89adb8) 
thrown [s\src\hotspot\share\prims\jni.cpp, line 516]
Event: 324.449 Thread 0x0000023947a2dd50 Exception <a 'sun/nio/fs/WindowsException'{0x000000008f89c0d0}> (0x000000008f89c0d0) 
thrown [s\src\hotspot\share\prims\jni.cpp, line 516]
Event: 324.449 Thread 0x0000023947a2dd50 Exception <a 'sun/nio/fs/WindowsException'{0x000000008f89d438}> (0x000000008f89d438) 
thrown [s\src\hotspot\share\prims\jni.cpp, line 516]
Event: 324.449 Thread 0x0000023947a2dd50 Exception <a 'sun/nio/fs/WindowsException'{0x000000008f89e7a0}> (0x000000008f89e7a0) 
thrown [s\src\hotspot\share\prims\jni.cpp, line 516]
Event: 330.114 Thread 0x0000023947a2dd50 Exception <a 'java/lang/NoSuchMethodError'{0x000000008e5b00e0}: 'void java.lang.invoke.DirectMethodHandle$Holder.invokeInterface(java.lang.Object, java.lang.Object, java.lang.Object, int, java.lang.Object)'> (0x000000008e5b00e0) 
thrown [s\src\hotspot\share\interpreter\linkResolver.cpp, line 759]
Event: 330.114 Thread 0x0000023947a2dd50 Exception <a 'java/lang/NoSuchMethodError'{0x000000008e5b4dc0}: 'void java.lang.invoke.DelegatingMethodHandle$Holder.reinvoke_L(java.lang.Object, java.lang.Object, java.lang.Object, int, java.lang.Object)'> (0x000000008e5b4dc0) 
thrown [s\src\hotspot\share\interpreter\linkResolver.cpp, line 759]
Event: 335.187 Thread 0x0000023949ca8f00 Exception <a 'java/lang/NoSuchMethodError'{0x000000008dd65438}: 'void java.lang.invoke.DirectMethodHandle$Holder.invokeStatic(java.lang.Object, java.lang.Object, java.lang.Object, java.lang.Object, int, java.lang.Object, java.lang.Object)'> (0x000000008dd65438) 
thrown [s\src\hotspot\share\interpreter\linkResolver.cpp, line 759]
Event: 335.460 Thread 0x0000023949ca8f00 Exception <a 'java/lang/NoSuchMethodError'{0x000000008dc8c278}: 'java.lang.Object java.lang.invoke.DirectMethodHandle$Holder.invokeSpecialIFC(java.lang.Object, java.lang.Object, java.lang.Object)'> (0x000000008dc8c278) 
thrown [s\src\hotspot\share\interpreter\linkResolver.cpp, line 759]
Event: 336.931 Thread 0x0000023949ca8f00 Exception <a 'java/lang/NoSuchMethodError'{0x000000008d93d508}: 'void java.lang.invoke.DirectMethodHandle$Holder.invokeVirtual(java.lang.Object, java.lang.Object)'> (0x000000008d93d508) 
thrown [s\src\hotspot\share\interpreter\linkResolver.cpp, line 759]
Event: 416.794 Thread 0x000002394c671190 Exception <a 'java/lang/ClassNotFoundException'{0x000000008d9c4c58}: groovy/util/FileTreeBuilderBeanInfo> (0x000000008d9c4c58) 
thrown [s\src\hotspot\share\classfile\systemDictionary.cpp, line 255]
Event: 416.895 Thread 0x000002394c671190 Exception <a 'java/lang/ClassNotFoundException'{0x000000008d9d3660}: groovy/util/FileTreeBuilderCustomizer> (0x000000008d9d3660) 
thrown [s\src\hotspot\share\classfile\systemDictionary.cpp, line 255]
Event: 420.802 Thread 0x000002394c671190 Exception <a 'java/lang/ClassNotFoundException'{0x000000008d83a218}: java/io/BufferedWriterBeanInfo> (0x000000008d83a218) 
thrown [s\src\hotspot\share\classfile\systemDictionary.cpp, line 255]
Event: 420.803 Thread 0x000002394c671190 Exception <a 'java/lang/ClassNotFoundException'{0x000000008d840388}: java/io/WriterBeanInfo> (0x000000008d840388) 
thrown [s\src\hotspot\share\classfile\systemDictionary.cpp, line 255]
Event: 420.803 Thread 0x000002394c671190 Exception <a 'java/lang/ClassNotFoundException'{0x000000008d846428}: java/io/WriterCustomizer> (0x000000008d846428) 
thrown [s\src\hotspot\share\classfile\systemDictionary.cpp, line 255]
Event: 420.861 Thread 0x000002394c671190 Exception <a 'java/lang/ClassNotFoundException'{0x000000008d8552d8}: java/io/BufferedWriterCustomizer> (0x000000008d8552d8) 
thrown [s\src\hotspot\share\classfile\systemDictionary.cpp, line 255]
Event: 459.523 Thread 0x0000023949cab580 Exception <a 'java/lang/NoSuchMethodError'{0x000000008f86c330}: static Lcom/android/build/api/variant/BuildConfigField;.<clinit>()V> (0x000000008f86c330) 
thrown [s\src\hotspot\share\prims\jni.cpp, line 1104]
Event: 459.635 Thread 0x0000023949cab580 Exception <a 'java/lang/NoSuchMethodError'{0x000000008f86f088}: 'long java.lang.invoke.DirectMethodHandle$Holder.invokeSpecial(java.lang.Object, java.lang.Object)'> (0x000000008f86f088) 
thrown [s\src\hotspot\share\interpreter\linkResolver.cpp, line 759]
Event: 459.636 Thread 0x0000023949cab580 Exception <a 'java/lang/NoSuchMethodError'{0x000000008f872c18}: 'long java.lang.invoke.Invokers$Holder.invokeExact_MT(java.lang.Object, java.lang.Object)'> (0x000000008f872c18) 
thrown [s\src\hotspot\share\interpreter\linkResolver.cpp, line 759]

VM Operations (20 events):
Event: 652.339 Executing VM operation: Cleanup
Event: 652.339 Executing VM operation: Cleanup done
Event: 653.343 Executing VM operation: Cleanup
Event: 653.343 Executing VM operation: Cleanup done
Event: 655.347 Executing VM operation: Cleanup
Event: 655.347 Executing VM operation: Cleanup done
Event: 681.581 Executing VM operation: Cleanup
Event: 681.581 Executing VM operation: Cleanup done
Event: 682.596 Executing VM operation: Cleanup
Event: 682.596 Executing VM operation: Cleanup done
Event: 683.040 Executing VM operation: G1CollectForAllocation
Event: 683.164 Executing VM operation: G1CollectForAllocation done
Event: 688.215 Executing VM operation: Cleanup
Event: 688.216 Executing VM operation: Cleanup done
Event: 689.222 Executing VM operation: Cleanup
Event: 689.222 Executing VM operation: Cleanup done
Event: 690.226 Executing VM operation: Cleanup
Event: 690.226 Executing VM operation: Cleanup done
Event: 691.232 Executing VM operation: Cleanup
Event: 691.232 Executing VM operation: Cleanup done

Events (20 events):
Event: 296.759 Thread 0x000002394d3eab50 Thread exited: 0x000002394d3eab50
Event: 320.798 Thread 0x0000023947a746c0 Thread added: 0x0000023947a746c0
Event: 321.142 Thread 0x0000023947a746c0 Thread exited: 0x0000023947a746c0
Event: 321.779 Thread 0x0000023947a746c0 Thread added: 0x0000023947a746c0
Event: 322.041 Thread 0x0000023947a746c0 Thread exited: 0x0000023947a746c0
Event: 325.803 Thread 0x0000023952215590 Thread added: 0x0000023952215590
Event: 326.491 Thread 0x0000023952215590 Thread exited: 0x0000023952215590
Event: 328.080 Thread 0x00000239523ac3a0 Thread added: 0x00000239523ac3a0
Event: 329.355 Thread 0x00000239523ac3a0 Thread exited: 0x00000239523ac3a0
Event: 333.585 Thread 0x00000239523adcf0 Thread added: 0x00000239523adcf0
Event: 333.892 Thread 0x00000239523adcf0 Thread exited: 0x00000239523adcf0
Event: 334.205 Thread 0x00000239523ac3a0 Thread added: 0x00000239523ac3a0
Event: 335.078 Thread 0x000002394c671190 Thread added: 0x000002394c671190
Event: 335.461 Thread 0x00000239523ac3a0 Thread exited: 0x00000239523ac3a0
Event: 400.088 Thread 0x00000239434042d0 flushing nmethod 0x000002392d1b3590
Event: 404.817 Thread 0x00000239523a8bf0 Thread added: 0x00000239523a8bf0
Event: 406.735 Thread 0x00000239523a8bf0 Thread exited: 0x00000239523a8bf0
Event: 408.177 Thread 0x000002394c66fe50 Thread added: 0x000002394c66fe50
Event: 606.127 Thread 0x00000239523aec20 Thread added: 0x00000239523aec20
Event: 606.811 Thread 0x00000239523aec20 Thread exited: 0x00000239523aec20


Dynamic libraries:
0x00007ff7839f0000 - 0x00007ff7839fd000 	C:\Users\quinl\.jdks\corretto-18.0.2\bin\java.exe
0x00007ffbcca70000 - 0x00007ffbccc68000 	C:\Windows\SYSTEM32\ntdll.dll
0x00007ffbcadc0000 - 0x00007ffbcae7d000 	C:\Windows\System32\KERNEL32.DLL
0x00007ffbca270000 - 0x00007ffbca566000 	C:\Windows\System32\KERNELBASE.dll
0x0000000071ec0000 - 0x00000000721f2000 	C:\Program Files\Norton Security\NortonData\22.22.8.15\Definitions\IPSDefs\20231109.064\IPSEng64.dll
0x00007ffbcc850000 - 0x00007ffbcc8fe000 	C:\Windows\System32\ADVAPI32.dll
0x00007ffbcae80000 - 0x00007ffbcaf1e000 	C:\Windows\System32\msvcrt.dll
0x00007ffbcb390000 - 0x00007ffbcb42c000 	C:\Windows\System32\sechost.dll
0x00007ffbcbab0000 - 0x00007ffbcbbd6000 	C:\Windows\System32\RPCRT4.dll
0x00007ffbcb5e0000 - 0x00007ffbcb5e8000 	C:\Windows\System32\PSAPI.DLL
0x00007ffbca980000 - 0x00007ffbcaa80000 	C:\Windows\System32\ucrtbase.dll
0x00007ffbb8cd0000 - 0x00007ffbb8ce5000 	C:\Users\quinl\.jdks\corretto-18.0.2\bin\VCRUNTIME140.dll
0x00007ffbb32a0000 - 0x00007ffbb32b7000 	C:\Users\quinl\.jdks\corretto-18.0.2\bin\jli.dll
0x00007ffbcaf20000 - 0x00007ffbcb0be000 	C:\Windows\System32\USER32.dll
0x00007ffbca8a0000 - 0x00007ffbca8c2000 	C:\Windows\System32\win32u.dll
0x00007ffbc8350000 - 0x00007ffbc85ea000 	C:\Windows\WinSxS\amd64_microsoft.windows.common-controls_6595b64144ccf1df_6.0.19041.3636_none_60b6a03d71f818d5\COMCTL32.dll
0x00007ffbcb180000 - 0x00007ffbcb1ac000 	C:\Windows\System32\GDI32.dll
0x00007ffbca150000 - 0x00007ffbca26a000 	C:\Windows\System32\gdi32full.dll
0x00007ffbca5e0000 - 0x00007ffbca67d000 	C:\Windows\System32\msvcp_win.dll
0x00007ffbcba80000 - 0x00007ffbcbab0000 	C:\Windows\System32\IMM32.DLL
0x00007ffbaa550000 - 0x00007ffbaa5eb000 	C:\Users\quinl\.jdks\corretto-18.0.2\bin\msvcp140.dll
0x00007ffb875f0000 - 0x00007ffb88261000 	C:\Users\quinl\.jdks\corretto-18.0.2\bin\server\jvm.dll
0x00007ffbc3250000 - 0x00007ffbc325a000 	C:\Windows\SYSTEM32\VERSION.dll
0x00007ffbb4670000 - 0x00007ffbb4697000 	C:\Windows\SYSTEM32\WINMM.dll
0x00007ffbc3980000 - 0x00007ffbc3989000 	C:\Windows\SYSTEM32\WSOCK32.dll
0x00007ffbcb240000 - 0x00007ffbcb2ab000 	C:\Windows\System32\WS2_32.dll
0x00007ffbc7a30000 - 0x00007ffbc7a42000 	C:\Windows\SYSTEM32\kernel.appcore.dll
0x00007ffbbf140000 - 0x00007ffbbf14a000 	C:\Users\quinl\.jdks\corretto-18.0.2\bin\jimage.dll
0x00007ffbc9110000 - 0x00007ffbc92f4000 	C:\Windows\SYSTEM32\DBGHELP.DLL
0x00007ffbc8e30000 - 0x00007ffbc8e64000 	C:\Windows\SYSTEM32\dbgcore.DLL
0x00007ffbca680000 - 0x00007ffbca702000 	C:\Windows\System32\bcryptPrimitives.dll
0x00007ffbb1750000 - 0x00007ffbb1775000 	C:\Users\quinl\.jdks\corretto-18.0.2\bin\java.dll
0x00007ffb9f930000 - 0x00007ffb9fa06000 	C:\Users\quinl\.jdks\corretto-18.0.2\bin\jsvml.dll
0x00007ffbcbd10000 - 0x00007ffbcc454000 	C:\Windows\System32\SHELL32.dll
0x00007ffbc7ba0000 - 0x00007ffbc833b000 	C:\Windows\SYSTEM32\windows.storage.dll
0x00007ffbcc4f0000 - 0x00007ffbcc844000 	C:\Windows\System32\combase.dll
0x00007ffbc9b90000 - 0x00007ffbc9bbd000 	C:\Windows\SYSTEM32\Wldp.dll
0x00007ffbcac00000 - 0x00007ffbcacad000 	C:\Windows\System32\SHCORE.dll
0x00007ffbcaba0000 - 0x00007ffbcabf5000 	C:\Windows\System32\shlwapi.dll
0x00007ffbca080000 - 0x00007ffbca0a5000 	C:\Windows\SYSTEM32\profapi.dll
0x00007ffbb1be0000 - 0x00007ffbb1bf3000 	C:\Users\quinl\.jdks\corretto-18.0.2\bin\net.dll
0x00007ffbc2fc0000 - 0x00007ffbc30ca000 	C:\Windows\SYSTEM32\WINHTTP.dll
0x00007ffbc98f0000 - 0x00007ffbc995a000 	C:\Windows\system32\mswsock.dll
0x00007ffbb1730000 - 0x00007ffbb1745000 	C:\Users\quinl\.jdks\corretto-18.0.2\bin\nio.dll
0x00007ffbb1de0000 - 0x00007ffbb1df8000 	C:\Users\quinl\.jdks\corretto-18.0.2\bin\zip.dll
0x00007ffbb6a30000 - 0x00007ffbb6a40000 	C:\Users\quinl\.jdks\corretto-18.0.2\bin\verify.dll
0x00007ffbaa6f0000 - 0x00007ffbaa717000 	C:\Users\quinl\.gradle\native\e1d6ef7f7dcc3fd88c89a11ec53ec762bb8ba0a96d01ffa2cd45eb1d1d8dd5c5\windows-amd64\native-platform.dll
0x00007ffb7f110000 - 0x00007ffb7f254000 	C:\Users\quinl\.gradle\native\0d407fdbe67a94daf76414ababcb853783967236a71b16ec16e742cd7a986fd3\windows-amd64\native-platform-file-events.dll
0x00007ffbaf9b0000 - 0x00007ffbaf9b9000 	C:\Users\quinl\.jdks\corretto-18.0.2\bin\management.dll
0x00007ffbaa690000 - 0x00007ffbaa69b000 	C:\Users\quinl\.jdks\corretto-18.0.2\bin\management_ext.dll
0x00007ffbc9ae0000 - 0x00007ffbc9af8000 	C:\Windows\SYSTEM32\CRYPTSP.dll
0x00007ffbc8df0000 - 0x00007ffbc8e24000 	C:\Windows\system32\rsaenh.dll
0x00007ffbca870000 - 0x00007ffbca897000 	C:\Windows\System32\bcrypt.dll
0x00007ffbca000000 - 0x00007ffbca02e000 	C:\Windows\SYSTEM32\USERENV.dll
0x00007ffbc9b00000 - 0x00007ffbc9b0c000 	C:\Windows\SYSTEM32\CRYPTBASE.dll
0x00007ffbc9590000 - 0x00007ffbc95cb000 	C:\Windows\SYSTEM32\IPHLPAPI.DLL
0x00007ffbcbbe0000 - 0x00007ffbcbbe8000 	C:\Windows\System32\NSI.dll
0x00007ffbc1b60000 - 0x00007ffbc1b77000 	C:\Windows\SYSTEM32\dhcpcsvc6.DLL
0x00007ffbc1c60000 - 0x00007ffbc1c7d000 	C:\Windows\SYSTEM32\dhcpcsvc.DLL
0x00007ffbc95e0000 - 0x00007ffbc96aa000 	C:\Windows\SYSTEM32\DNSAPI.dll
0x00007ffbc5510000 - 0x00007ffbc551e000 	C:\Users\quinl\.jdks\corretto-18.0.2\bin\sunmscapi.dll
0x00007ffbca710000 - 0x00007ffbca86d000 	C:\Windows\System32\CRYPT32.dll
0x00007ffbc9c00000 - 0x00007ffbc9c27000 	C:\Windows\SYSTEM32\ncrypt.dll
0x00007ffbc9bc0000 - 0x00007ffbc9bfb000 	C:\Windows\SYSTEM32\NTASN1.dll
0x00007ffbbc1a0000 - 0x00007ffbbc1aa000 	C:\Windows\System32\rasadhlp.dll
0x00007ffbbc810000 - 0x00007ffbbc890000 	C:\Windows\System32\fwpuclnt.dll
0x00007ffbb2120000 - 0x00007ffbb2137000 	C:\Windows\system32\napinsp.dll
0x00007ffbb2100000 - 0x00007ffbb211b000 	C:\Windows\system32\pnrpnsp.dll
0x00007ffbb20e0000 - 0x00007ffbb20f5000 	C:\Windows\system32\wshbth.dll
0x00007ffbc5480000 - 0x00007ffbc549d000 	C:\Windows\system32\NLAapi.dll
0x00007ffbb20c0000 - 0x00007ffbb20d2000 	C:\Windows\System32\winrnr.dll

dbghelp: loaded successfully - version: 4.0.5 - missing functions: none
symbol engine: initialized successfully - sym options: 0x614 - pdb path: .;C:\Users\quinl\.jdks\corretto-18.0.2\bin;C:\Windows\SYSTEM32;C:\Program Files\Norton Security\NortonData\22.22.8.15\Definitions\IPSDefs\20231109.064;C:\Windows\WinSxS\amd64_microsoft.windows.common-controls_6595b64144ccf1df_6.0.19041.3636_none_60b6a03d71f818d5;C:\Users\quinl\.jdks\corretto-18.0.2\bin\server;C:\Users\quinl\.gradle\native\e1d6ef7f7dcc3fd88c89a11ec53ec762bb8ba0a96d01ffa2cd45eb1d1d8dd5c5\windows-amd64;C:\Users\quinl\.gradle\native\0d407fdbe67a94daf76414ababcb853783967236a71b16ec16e742cd7a986fd3\windows-amd64

VM Arguments:
jvm_args: -XX:MaxMetaspaceSize=512m --add-opens=java.base/java.util=ALL-UNNAMED --add-opens=java.base/java.lang=ALL-UNNAMED --add-opens=java.base/java.lang.invoke=ALL-UNNAMED --add-opens=java.base/java.util=ALL-UNNAMED --add-opens=java.prefs/java.util.prefs=ALL-UNNAMED --add-opens=java.prefs/java.util.prefs=ALL-UNNAMED --add-opens=java.base/java.nio.charset=ALL-UNNAMED --add-opens=java.base/java.net=ALL-UNNAMED --add-opens=java.base/java.util.concurrent.atomic=ALL-UNNAMED -Xmx2048m -Dfile.encoding=UTF-8 -Duser.country=PL -Duser.language=pl -Duser.variant 
java_command: org.gradle.launcher.daemon.bootstrap.GradleDaemon 7.5.1
java_class_path (initial): C:\Users\quinl\.gradle\wrapper\dists\gradle-7.5.1-all\1ehga6e77gqps5uk2kc5kf1vc\gradle-7.5.1\lib\gradle-launcher-7.5.1.jar
Launcher Type: SUN_STANDARD

[Global flags]
     intx CICompilerCount                          = 3                                         {product} {ergonomic}
   size_t CompressedClassSpaceSize                 = 432013312                                 {product} {ergonomic}
     uint ConcGCThreads                            = 1                                         {product} {ergonomic}
     uint G1ConcRefinementThreads                  = 4                                         {product} {ergonomic}
   size_t G1HeapRegionSize                         = 1048576                                   {product} {ergonomic}
    uintx GCDrainStackTargetSize                   = 64                                        {product} {ergonomic}
   size_t InitialHeapSize                          = 134217728                                 {product} {ergonomic}
   size_t MarkStackSize                            = 4194304                                   {product} {ergonomic}
   size_t MaxHeapSize                              = 2147483648                                {product} {command line}
   size_t MaxMetaspaceSize                         = 536870912                                 {product} {command line}
   size_t MaxNewSize                               = 1287651328                                {product} {ergonomic}
   size_t MinHeapDeltaBytes                        = 1048576                                   {product} {ergonomic}
   size_t MinHeapSize                              = 8388608                                   {product} {ergonomic}
    uintx NonNMethodCodeHeapSize                   = 5832780                                {pd product} {ergonomic}
    uintx NonProfiledCodeHeapSize                  = 122912730                              {pd product} {ergonomic}
    uintx ProfiledCodeHeapSize                     = 122912730                              {pd product} {ergonomic}
    uintx ReservedCodeCacheSize                    = 251658240                              {pd product} {ergonomic}
     bool SegmentedCodeCache                       = true                                      {product} {ergonomic}
   size_t SoftMaxHeapSize                          = 2147483648                             {manageable} {ergonomic}
     bool UseCompressedClassPointers               = true                           {product lp64_product} {ergonomic}
     bool UseCompressedOops                        = true                           {product lp64_product} {ergonomic}
     bool UseG1GC                                  = true                                      {product} {ergonomic}
     bool UseLargePagesIndividualAllocation        = false                                  {pd product} {ergonomic}

Logging:
Log output configuration:
 #0: stdout all=warning uptime,level,tags foldmultilines=false
 #1: stderr all=off uptime,level,tags foldmultilines=false

Environment Variables:
JAVA_HOME=C:\Users\quinl\.jdks\corretto-18.0.2
CLASSPATH=D:\Prace\STUDIA\INZYNIERKA\PROJEKT\frontend-rncli\android\\gradle\wrapper\gradle-wrapper.jar
PATH=D:\Prace\STUDIA\INZYNIERKA\PROJEKT\frontend-rncli\android\node_modules\.bin;D:\Prace\STUDIA\INZYNIERKA\PROJEKT\frontend-rncli\node_modules\.bin;D:\Prace\STUDIA\INZYNIERKA\PROJEKT\node_modules\.bin;D:\Prace\STUDIA\INZYNIERKA\node_modules\.bin;D:\Prace\STUDIA\node_modules\.bin;D:\Prace\node_modules\.bin;D:\node_modules\.bin;D:\Programy\NodeJS;D:\Prace\STUDIA\INZYNIERKA\PROJEKT\frontend-rncli\node_modules\.bin;D:\Prace\STUDIA\INZYNIERKA\PROJEKT\frontend-rncli\node_modules\.bin;D:\Prace\STUDIA\INZYNIERKA\PROJEKT\node_modules\.bin;D:\Prace\STUDIA\INZYNIERKA\node_modules\.bin;D:\Prace\STUDIA\node_modules\.bin;D:\Prace\node_modules\.bin;D:\node_modules\.bin;C:\Users\quinl\AppData\Roaming\npm\node_modules\npm\node_modules\@npmcli\run-script\lib\node-gyp-bin;D:\Prace\STUDIA\INZYNIERKA\PROJEKT\frontend-rncli\node_modules\.bin;D:\Prace\STUDIA\INZYNIERKA\PROJEKT\node_modules\.bin;D:\Prace\STUDIA\INZYNIERKA\node_modules\.bin;D:\Prace\STUDIA\node_modules\.bin;D:\Prace\node_modules\.bin;D:\node_modules\.bin;D:\Programy\NodeJS;D:\Prace\STUDIA\INZYNIERKA\PROJEKT\frontend-rncli\node_modules\react-native\scripts\node_modules\.bin;D:\Prace\STUDIA\INZYNIERKA\PROJEKT\frontend-rncli\node_modules\react-native\node_modules\.bin;D:\Prace\STUDIA\INZYNIERKA\PROJEKT\frontend-rncli\node_modules\node_modules\.bin;D:\Prace\STUDIA\INZYNIERKA\PROJEKT\frontend-rncli\node_modules\.bin;D:\Prace\STUDIA\INZYNIERKA\PROJEKT\node_modules\.bin;D:\Prace\STUDIA\INZYNIERKA\node_modules\.bin;D:\Prace\STUDIA\node_modules\.bin;D:\Prace\node_modules\.bin;D:\node_modules\.bin;D:\Programy\NodeJS;C:\Users\quinl\AppData\Local\Temp\yarn--1699627421835-0.7330177374085776;D:\Prace\STUDIA\INZYNIERKA\PROJEKT\frontend-rncli\node_modules\.bin;C:\Users\quinl\AppData\Local\Yarn\Data\link\node_modules\.bin;C:\Users\quinl\AppData\Local\Yarn\bin;D:\Programy\libexec\lib\node_modules\npm\bin\node-gyp-bin;D:\Programy\lib\node_modules\npm\bin\node-gyp-bin;D:\Programy\NodeJS\node_modules\npm\bin\node-gyp-bin;C:\Program Files\Common Files\Oracle\Java\javapath;C:\Program Files (x86)\Common Files\Oracle\Java\javapath;C:\Windows\system32;C:\Windows;C:\Windows\System32\Wbem;C:\Windows\System32\WindowsPowerShell\v1.0\;C:\Windows\System32\OpenSSH\;D:\Programy\ZeroC_Ice\bin;D:\Programy\Thrift_1.8\bin;D:\Programy\Protoc\bin;D:\Programy\Go\bin;C:\Users\quinl\.jdks\corretto-18.0.2;C:\Program Files\Docker\Docker\resources\bin;D:\Programy\Android_SDK\platform-tools;D:\Programy\NodeJS\;D:\Programy\Git\cmd;D:\Programy\Python\Python_3_11_6\Scripts\;D:\Programy\Python\Python_3_11_6\;C:\Program Files (x86)\Common Files\Oracle\Java\javapath;C:\Windows\system32;C:\Windows;C:\Windows\System32\Wbem;C:\Windows\System32\WindowsPowerShell\v1.0\;C:\Windows\System32\OpenSSH\;D:\Programy\NodeJS\;D:\Programy\Git\cmd;C:\Program Files\Docker\Docker\resources\bin;C:\Users\quinl\AppData\Local\Microsoft\WindowsApps;D:\Programy\Visual_Studio_Code\Microsoft VS Code\bin;C:\Users\quinl\go\bin;C:\Users\quinl\AppData\Roaming\npm
USERNAME=quinl
OS=Windows_NT
PROCESSOR_IDENTIFIER=Intel64 Family 6 Model 61 Stepping 4, GenuineIntel



---------------  S Y S T E M  ---------------

OS:
 Windows 10 , 64 bit Build 19041 (10.0.19041.3636)
OS uptime: 3 days 1:17 hours
Hyper-V role detected

CPU: total 4 (initial active 4) (2 cores per cpu, 2 threads per core) family 6 model 61 stepping 4 microcode 0x2d, cx8, cmov, fxsr, ht, mmx, 3dnowpref, sse, sse2, sse3, ssse3, sse4.1, sse4.2, popcnt, lzcnt, tsc, tscinvbit, avx, avx2, aes, erms, clmul, bmi1, bmi2, adx, fma, vzeroupper, clflush, hv

Memory: 4k page, system-wide physical 8105M (346M free)
TotalPageFile size 24410M (AvailPageFile size 36M)
current process WorkingSet (physical memory assigned to process): 228M, peak: 440M
current process commit charge ("private bytes"): 580M, peak: 605M

vm_info: OpenJDK 64-Bit Server VM (18.0.2+9-FR) for windows-amd64 JRE (18.0.2+9-FR), built on Jul 15 2022 20:03:03 by "Administrator" with MS VC++ 15.9 (VS2017)

END.
